{
    "timestamp": "2026-01-14T10:10:04.691+0100",
    "rule": {
        "level": 3,
        "description": "Special privileges assigned to new logon.",
        "id": "67028",
        "mitre": {
            "id": [
                "T1484"
            ],
            "tactic": [
                "Defense Evasion",
                "Privilege Escalation"
            ],
            "technique": [
                "Domain Policy Modification"
            ]
        },
        "firedtimes": 2,
        "mail": false,
        "groups": [
            "windows",
            " WEF"
        ]
    },
    "agent": {
        "id": "001",
        "name": "av-desktop-home",
        "ip": "100.82.224.100"
    },
    "manager": {
        "name": "rb1"
    },
    "id": "1768381804.116329",
    "decoder": {
        "name": "windows_eventchannel"
    },
    "data": {
        "win": {
            "system": {
                "providerName": "Microsoft-Windows-Security-Auditing",
                "providerGuid": "{54849625-5478-4994-a5ba-3e3b0328c30d}",
                "eventID": "4672",
                "version": "0",
                "level": "0",
                "task": "12548",
                "opcode": "0",
                "keywords": "0x8020000000000000",
                "systemTime": "2026-01-13T23:15:15.0125238Z",
                "eventRecordID": "2880443",
                "processID": "1988",
                "threadID": "20144",
                "channel": "Security",
                "computer": "av-desktop-home",
                "severityValue": "AUDIT_SUCCESS",
                "message": "\"Speciale bevoegdheden toegewezen aan nieuwe aanmelding.\r\n\r\nOnderwerp:\r\n\tBeveiligings-id:\t\tS-1-5-90-0-17\r\n\tAccountnaam:\t\tDWM-17\r\n\tAccountdomein:\t\tWindow Manager\r\n\tAanmeldings-id:\t\t0x2315C59A\r\n\r\nBevoegdheden:\t\tSeAssignPrimaryTokenPrivilege\r\n\t\t\tSeAuditPrivilege\""
            },
            "eventdata": {
                "subjectUserSid": "S-1-5-90-0-17",
                "subjectUserName": "DWM-17",
                "subjectDomainName": "Window Manager",
                "subjectLogonId": "0x2315c59a",
                "privilegeList": "SeAssignPrimaryTokenPrivilege     SeAuditPrivilege"
            }
        }
    },
    "location": "EventChannel"
}
{
    "timestamp": "2026-01-14T10:10:04.725+0100",
    "rule": {
        "level": 7,
        "description": "SessionEnv was unavailable to handle a critical notification event.",
        "id": "60776",
        "firedtimes": 1,
        "mail": false,
        "groups": [
            "windows",
            "windows_application"
        ]
    },
    "agent": {
        "id": "001",
        "name": "av-desktop-home",
        "ip": "100.82.224.100"
    },
    "manager": {
        "name": "rb1"
    },
    "id": "1768381804.118496",
    "decoder": {
        "name": "windows_eventchannel"
    },
    "data": {
        "win": {
            "system": {
                "providerName": "Microsoft-Windows-Winlogon",
                "providerGuid": "{DBE9B383-7CF3-4331-91CC-A3CB16A3B538}",
                "eventSourceName": "Wlclntfy",
                "eventID": "6003",
                "version": "0",
                "level": "4",
                "task": "0",
                "opcode": "0",
                "keywords": "0x80000000000000",
                "systemTime": "2026-01-14T07:55:44.6272933Z",
                "eventRecordID": "112848",
                "processID": "35356",
                "threadID": "0",
                "channel": "Application",
                "computer": "av-desktop-home",
                "severityValue": "INFORMATION",
                "message": "\"De kennisgevingssubscriber van winlogon <SessionEnv> is niet beschikbaar om een essentiële kennisgevingsgebeurtenis te verwerken.\""
            },
            "eventdata": {
                "binary": "D9060000",
                "data": "SessionEnv"
            }
        }
    },
    "location": "EventChannel"
}
{
    "timestamp": "2026-01-14T10:10:04.725+0100",
    "rule": {
        "level": 5,
        "description": "SessionEnv was unavailable to handle a notification event.",
        "id": "60775",
        "firedtimes": 3,
        "mail": false,
        "groups": [
            "windows",
            "windows_application"
        ]
    },
    "agent": {
        "id": "001",
        "name": "av-desktop-home",
        "ip": "100.82.224.100"
    },
    "manager": {
        "name": "rb1"
    },
    "id": "1768381804.120099",
    "decoder": {
        "name": "windows_eventchannel"
    },
    "data": {
        "win": {
            "system": {
                "providerName": "Microsoft-Windows-Winlogon",
                "providerGuid": "{DBE9B383-7CF3-4331-91CC-A3CB16A3B538}",
                "eventSourceName": "Wlclntfy",
                "eventID": "6000",
                "version": "0",
                "level": "4",
                "task": "0",
                "opcode": "0",
                "keywords": "0x80000000000000",
                "systemTime": "2026-01-14T07:55:47.0597216Z",
                "eventRecordID": "112849",
                "processID": "35356",
                "threadID": "0",
                "channel": "Application",
                "computer": "av-desktop-home",
                "severityValue": "INFORMATION",
                "message": "\"De kennisgevingssubscriber van winlogon <SessionEnv> was niet beschikbaar om een kennisgevingsgebeurtenis te verwerken.\""
            },
            "eventdata": {
                "binary": "D9060000",
                "data": "SessionEnv"
            }
        }
    },
    "location": "EventChannel"
}
{
    "timestamp": "2026-01-14T10:10:04.730+0100",
    "rule": {
        "level": 3,
        "description": "Windows User Logoff",
        "id": "60137",
        "firedtimes": 1,
        "mail": false,
        "groups": [
            "windows",
            "windows_security"
        ],
        "pci_dss": [
            "10.2.5"
        ],
        "gdpr": [
            "IV_32.2"
        ],
        "hipaa": [
            "164.312.b"
        ],
        "nist_800_53": [
            "AU.14",
            "AC.7"
        ],
        "tsc": [
            "CC6.8",
            "CC7.2",
            "CC7.3"
        ]
    },
    "agent": {
        "id": "001",
        "name": "av-desktop-home",
        "ip": "100.82.224.100"
    },
    "manager": {
        "name": "rb1"
    },
    "id": "1768381804.121671",
    "decoder": {
        "name": "windows_eventchannel"
    },
    "data": {
        "win": {
            "system": {
                "providerName": "Microsoft-Windows-Security-Auditing",
                "providerGuid": "{54849625-5478-4994-a5ba-3e3b0328c30d}",
                "eventID": "4647",
                "version": "0",
                "level": "0",
                "task": "12545",
                "opcode": "0",
                "keywords": "0x8020000000000000",
                "systemTime": "2026-01-13T23:15:16.9551919Z",
                "eventRecordID": "2880448",
                "processID": "1988",
                "threadID": "44780",
                "channel": "Security",
                "computer": "av-desktop-home",
                "severityValue": "AUDIT_SUCCESS",
                "message": "\"De gebruiker heeft een afmelding gestart:\r\n\r\nOnderwerp:\r\n\tBeveiligings-id:\t\tS-1-5-21-3921402769-3534629334-1819278871-1001\r\n\tAccountnaam:\t\tveree\r\n\tAccountdomein:\t\tAV-DESKTOP-HOME\r\n\tAanmeldings-id:\t\t0x1C0F33FA\r\n\r\nDeze gebeurtenis wordt gegenereerd wanneer een afmelding wordt gestart. De gebruiker kan verder geen activiteiten starten. Deze gebeurtenis kan worden geïnterpreteerd als een afmeldingsgebeurtenis.\""
            },
            "eventdata": {
                "targetUserSid": "S-1-5-21-3921402769-3534629334-1819278871-1001",
                "targetUserName": "veree",
                "targetDomainName": "AV-DESKTOP-HOME",
                "targetLogonId": "0x1c0f33fa"
            }
        }
    },
    "location": "EventChannel"
}
{
    "timestamp": "2026-01-14T10:10:04.779+0100",
    "rule": {
        "level": 3,
        "description": "Software protection service scheduled successfully.",
        "id": "60642",
        "firedtimes": 1,
        "mail": false,
        "groups": [
            "windows",
            "windows_application"
        ]
    },
    "agent": {
        "id": "001",
        "name": "av-desktop-home",
        "ip": "100.82.224.100"
    },
    "manager": {
        "name": "rb1"
    },
    "id": "1768381804.124144",
    "decoder": {
        "name": "windows_eventchannel"
    },
    "data": {
        "win": {
            "system": {
                "providerName": "Microsoft-Windows-Security-SPP",
                "providerGuid": "{E23B33B0-C8C9-472C-A5F9-F2BDFEA0F156}",
                "eventSourceName": "Software Protection Platform Service",
                "eventID": "16384",
                "version": "0",
                "level": "4",
                "task": "0",
                "opcode": "0",
                "keywords": "0x80000000000000",
                "systemTime": "2026-01-14T07:56:53.2120329Z",
                "eventRecordID": "112856",
                "processID": "46160",
                "threadID": "0",
                "channel": "Application",
                "computer": "av-desktop-home",
                "severityValue": "INFORMATION",
                "message": "\"Software Protection-service gepland voor opnieuw starten op 2125-12-21T07:56:53Z. Reden: RulesEngine.\""
            },
            "eventdata": {
                "data": "2125-12-21T07:56:53Z, RulesEngine"
            }
        }
    },
    "location": "EventChannel"
}
{
    "timestamp": "2026-01-14T10:10:04.827+0100",
    "rule": {
        "level": 3,
        "description": "Non service account logged off.",
        "id": "67023",
        "firedtimes": 1,
        "mail": false,
        "groups": [
            "windows",
            " WEF"
        ]
    },
    "agent": {
        "id": "001",
        "name": "av-desktop-home",
        "ip": "100.82.224.100"
    },
    "manager": {
        "name": "rb1"
    },
    "id": "1768381804.125734",
    "decoder": {
        "name": "windows_eventchannel"
    },
    "data": {
        "win": {
            "system": {
                "providerName": "Microsoft-Windows-Security-Auditing",
                "providerGuid": "{54849625-5478-4994-a5ba-3e3b0328c30d}",
                "eventID": "4634",
                "version": "0",
                "level": "0",
                "task": "12545",
                "opcode": "0",
                "keywords": "0x8020000000000000",
                "systemTime": "2026-01-13T23:15:19.1412782Z",
                "eventRecordID": "2880471",
                "processID": "1988",
                "threadID": "44780",
                "channel": "Security",
                "computer": "av-desktop-home",
                "severityValue": "AUDIT_SUCCESS",
                "message": "\"Er is een account afgemeld.\r\n\r\nOnderwerp:\r\n\tBeveiligings-id:\t\tS-1-5-90-0-16\r\n\tAccountnaam:\t\tDWM-16\r\n\tAccountdomein:\t\tWindow Manager\r\n\tAanmeldings-id:\t\t0x1BF78E9F\r\n\r\nAanmeldingstype:\t\t\t2\r\n\r\nDeze gebeurtenis wordt gegenereerd wanneer een aanmeldingssessie wordt vernietigd. De gebeurtenis kan met behulp van de aanmeldings-id positief worden afgestemd met een aanmeldingsgebeurtenis. Aanmeldings-id's zijn alleen uniek wanneer de computer opnieuw is opgestart.\""
            },
            "eventdata": {
                "targetUserSid": "S-1-5-90-0-16",
                "targetUserName": "DWM-16",
                "targetDomainName": "Window Manager",
                "targetLogonId": "0x1bf78e9f",
                "logonType": "2"
            }
        }
    },
    "location": "EventChannel"
}
{
    "timestamp": "2026-01-14T10:10:04.827+0100",
    "rule": {
        "level": 3,
        "description": "Non service account logged off.",
        "id": "67023",
        "firedtimes": 2,
        "mail": false,
        "groups": [
            "windows",
            " WEF"
        ]
    },
    "agent": {
        "id": "001",
        "name": "av-desktop-home",
        "ip": "100.82.224.100"
    },
    "manager": {
        "name": "rb1"
    },
    "id": "1768381804.128177",
    "decoder": {
        "name": "windows_eventchannel"
    },
    "data": {
        "win": {
            "system": {
                "providerName": "Microsoft-Windows-Security-Auditing",
                "providerGuid": "{54849625-5478-4994-a5ba-3e3b0328c30d}",
                "eventID": "4634",
                "version": "0",
                "level": "0",
                "task": "12545",
                "opcode": "0",
                "keywords": "0x8020000000000000",
                "systemTime": "2026-01-13T23:15:19.1411715Z",
                "eventRecordID": "2880470",
                "processID": "1988",
                "threadID": "20144",
                "channel": "Security",
                "computer": "av-desktop-home",
                "severityValue": "AUDIT_SUCCESS",
                "message": "\"Er is een account afgemeld.\r\n\r\nOnderwerp:\r\n\tBeveiligings-id:\t\tS-1-5-90-0-16\r\n\tAccountnaam:\t\tDWM-16\r\n\tAccountdomein:\t\tWindow Manager\r\n\tAanmeldings-id:\t\t0x1BF78ED1\r\n\r\nAanmeldingstype:\t\t\t2\r\n\r\nDeze gebeurtenis wordt gegenereerd wanneer een aanmeldingssessie wordt vernietigd. De gebeurtenis kan met behulp van de aanmeldings-id positief worden afgestemd met een aanmeldingsgebeurtenis. Aanmeldings-id's zijn alleen uniek wanneer de computer opnieuw is opgestart.\""
            },
            "eventdata": {
                "targetUserSid": "S-1-5-90-0-16",
                "targetUserName": "DWM-16",
                "targetDomainName": "Window Manager",
                "targetLogonId": "0x1bf78ed1",
                "logonType": "2"
            }
        }
    },
    "location": "EventChannel"
}
{
    "timestamp": "2026-01-14T10:10:04.834+0100",
    "rule": {
        "level": 5,
        "description": "The VSS service is shutting down due to idle timeout.",
        "id": "60702",
        "firedtimes": 1,
        "mail": false,
        "groups": [
            "windows",
            "windows_application"
        ]
    },
    "agent": {
        "id": "001",
        "name": "av-desktop-home",
        "ip": "100.82.224.100"
    },
    "manager": {
        "name": "rb1"
    },
    "id": "1768381804.130620",
    "decoder": {
        "name": "windows_eventchannel"
    },
    "data": {
        "win": {
            "system": {
                "providerName": "VSS",
                "eventID": "8224",
                "version": "0",
                "level": "4",
                "task": "0",
                "opcode": "0",
                "keywords": "0x80000000000000",
                "systemTime": "2026-01-14T08:00:15.0649229Z",
                "eventRecordID": "112858",
                "processID": "23096",
                "threadID": "0",
                "channel": "Application",
                "computer": "av-desktop-home",
                "severityValue": "INFORMATION",
                "message": "\"De VSS-service is vanwege een time-out voor niet actief afgesloten. \""
            },
            "eventdata": {
                "binary": "2D20436F64653A2020434F525356434330303030303737322D2043616C6C3A2020434F525356434330303030303735342D205049443A202030303032333039362D205449443A202030303034323335322D20434D443A2020433A5C57494E444F57535C73797374656D33325C76737376632E6578652020202D20557365723A204E616D653A204E5420415554484F524954595C53595354454D2C205349443A532D312D352D313820"
            }
        }
    },
    "location": "EventChannel"
}
{
    "timestamp": "2026-01-14T10:10:04.843+0100",
    "rule": {
        "level": 8,
        "description": "User account changed",
        "id": "60110",
        "mitre": {
            "id": [
                "T1098"
            ],
            "tactic": [
                "Persistence"
            ],
            "technique": [
                "Account Manipulation"
            ]
        },
        "firedtimes": 1,
        "mail": false,
        "groups": [
            "windows",
            "windows_security",
            "account_changed"
        ],
        "pci_dss": [
            "8.1.2",
            "10.2.5"
        ],
        "gpg13": [
            "7.10"
        ],
        "gdpr": [
            "IV_35.7.d",
            "IV_32.2"
        ],
        "hipaa": [
            "164.312.a.2.I",
            "164.312.a.2.II",
            "164.312.b"
        ],
        "nist_800_53": [
            "AC.2",
            "IA.4",
            "AU.14",
            "AC.7"
        ],
        "tsc": [
            "CC6.8",
            "CC7.2",
            "CC7.3"
        ]
    },
    "agent": {
        "id": "001",
        "name": "av-desktop-home",
        "ip": "100.82.224.100"
    },
    "manager": {
        "name": "rb1"
    },
    "id": "1768381804.132458",
    "decoder": {
        "name": "windows_eventchannel"
    },
    "data": {
        "win": {
            "system": {
                "providerName": "Microsoft-Windows-Security-Auditing",
                "providerGuid": "{54849625-5478-4994-a5ba-3e3b0328c30d}",
                "eventID": "4738",
                "version": "0",
                "level": "0",
                "task": "13824",
                "opcode": "0",
                "keywords": "0x8020000000000000",
                "systemTime": "2026-01-14T07:55:44.6033327Z",
                "eventRecordID": "2880474",
                "processID": "1988",
                "threadID": "44780",
                "channel": "Security",
                "computer": "av-desktop-home",
                "severityValue": "AUDIT_SUCCESS",
                "message": "\"Er is een gebruikersaccount gewijzigd.\r\n\r\nOnderwerp:\r\n\tBeveiligings-id:\t\tS-1-5-18\r\n\tAccountnaam:\t\tAV-DESKTOP-HOME$\r\n\tAccountdomein:\t\tWORKGROUP\r\n\tAanmeldings-id:\t\t0x3E7\r\n\r\nDoelaccount:\r\n\tBeveiligings-id:\t\tS-1-5-21-3921402769-3534629334-1819278871-1001\r\n\tAccountnaam:\t\tveree\r\n\tAccountdomein:\t\tAV-DESKTOP-HOME\r\n\r\nGewijzigde kenmerken:\r\n\tSAM-accountnaam:\t-\r\n\tWeergavenaam:\t\tAntoon Vereecken\r\n\tPrincipal-naam van gebruiker:\t-\r\n\tBasismap:\t\t-\r\n\tBasisstation:\t\t-\r\n\tPad naar script:\t\t-\r\n\tPad naar profiel:\t\t-\r\n\tGebruikerswerkstations:\t-\r\n\tWachtwoord voor het laatst ingesteld:\t-\r\n\tAccount verloopt op:\t\t-\r\n\tPrimaire groeps-id:\t-\r\n\tMag overdragen aan:\t-\r\n\tOude UAC-waarde:\t\t-\r\n\tNieuwe UAC-waarde:\t\t-\r\n\tGebruikersaccountbeheer:\t-\r\n\tGebruikersparameters:\t-\r\n\tSID-geschiedenis:\t\t-\r\n\tAantal uren aangemeld:\t\t-\r\n\r\nAanvullende gegevens:\r\n\tBevoegdheden:\t\t-\""
            },
            "eventdata": {
                "targetUserName": "veree",
                "targetDomainName": "AV-DESKTOP-HOME",
                "targetSid": "S-1-5-21-3921402769-3534629334-1819278871-1001",
                "subjectUserSid": "S-1-5-18",
                "subjectUserName": "AV-DESKTOP-HOME$",
                "subjectDomainName": "WORKGROUP",
                "subjectLogonId": "0x3e7",
                "displayName": "Antoon Vereecken"
            }
        }
    },
    "location": "EventChannel"
}
{
    "timestamp": "2026-01-14T10:10:04.848+0100",
    "rule": {
        "level": 3,
        "description": "Software protection service scheduled successfully.",
        "id": "60642",
        "firedtimes": 2,
        "mail": false,
        "groups": [
            "windows",
            "windows_application"
        ]
    },
    "agent": {
        "id": "001",
        "name": "av-desktop-home",
        "ip": "100.82.224.100"
    },
    "manager": {
        "name": "rb1"
    },
    "id": "1768381804.136319",
    "decoder": {
        "name": "windows_eventchannel"
    },
    "data": {
        "win": {
            "system": {
                "providerName": "Microsoft-Windows-Security-SPP",
                "providerGuid": "{E23B33B0-C8C9-472C-A5F9-F2BDFEA0F156}",
                "eventSourceName": "Software Protection Platform Service",
                "eventID": "16384",
                "version": "0",
                "level": "4",
                "task": "0",
                "opcode": "0",
                "keywords": "0x80000000000000",
                "systemTime": "2026-01-14T08:02:19.8349918Z",
                "eventRecordID": "112860",
                "processID": "2500",
                "threadID": "0",
                "channel": "Application",
                "computer": "av-desktop-home",
                "severityValue": "INFORMATION",
                "message": "\"Software Protection-service gepland voor opnieuw starten op 2125-12-21T08:02:19Z. Reden: RulesEngine.\""
            },
            "eventdata": {
                "data": "2125-12-21T08:02:19Z, RulesEngine"
            }
        }
    },
    "location": "EventChannel"
}
{
    "timestamp": "2026-01-14T10:10:04.857+0100",
    "rule": {
        "level": 3,
        "description": "Software protection service scheduled successfully.",
        "id": "60642",
        "firedtimes": 3,
        "mail": false,
        "groups": [
            "windows",
            "windows_application"
        ]
    },
    "agent": {
        "id": "001",
        "name": "av-desktop-home",
        "ip": "100.82.224.100"
    },
    "manager": {
        "name": "rb1"
    },
    "id": "1768381804.137907",
    "decoder": {
        "name": "windows_eventchannel"
    },
    "data": {
        "win": {
            "system": {
                "providerName": "Microsoft-Windows-Security-SPP",
                "providerGuid": "{E23B33B0-C8C9-472C-A5F9-F2BDFEA0F156}",
                "eventSourceName": "Software Protection Platform Service",
                "eventID": "16384",
                "version": "0",
                "level": "4",
                "task": "0",
                "opcode": "0",
                "keywords": "0x80000000000000",
                "systemTime": "2026-01-14T08:03:16.5425192Z",
                "eventRecordID": "112862",
                "processID": "47244",
                "threadID": "0",
                "channel": "Application",
                "computer": "av-desktop-home",
                "severityValue": "INFORMATION",
                "message": "\"Software Protection-service gepland voor opnieuw starten op 2125-12-21T08:03:16Z. Reden: RulesEngine.\""
            },
            "eventdata": {
                "data": "2125-12-21T08:03:16Z, RulesEngine"
            }
        }
    },
    "location": "EventChannel"
}
{
    "timestamp": "2026-01-14T10:10:04.857+0100",
    "rule": {
        "level": 3,
        "description": "Non network or service local logon.",
        "id": "67022",
        "firedtimes": 4,
        "mail": false,
        "groups": [
            "windows",
            " WEF"
        ]
    },
    "agent": {
        "id": "001",
        "name": "av-desktop-home",
        "ip": "100.82.224.100"
    },
    "manager": {
        "name": "rb1"
    },
    "id": "1768381804.139497",
    "decoder": {
        "name": "windows_eventchannel"
    },
    "data": {
        "win": {
            "system": {
                "providerName": "Microsoft-Windows-Security-Auditing",
                "providerGuid": "{54849625-5478-4994-a5ba-3e3b0328c30d}",
                "eventID": "4624",
                "version": "3",
                "level": "0",
                "task": "12544",
                "opcode": "0",
                "keywords": "0x8020000000000000",
                "systemTime": "2026-01-14T07:55:44.6138505Z",
                "eventRecordID": "2880476",
                "processID": "1988",
                "threadID": "44780",
                "channel": "Security",
                "computer": "av-desktop-home",
                "severityValue": "AUDIT_SUCCESS",
                "message": "\"Er is een account aangemeld.\r\n\r\nOnderwerp:\r\n\tBeveiligings-id:\t\tS-1-5-18\r\n\tAccountnaam:\t\tAV-DESKTOP-HOME$\r\n\tAccountdomein:\t\tWORKGROUP\r\n\tAanmeldings-id:\t\t0x3E7\r\n\r\nAanloggegevens:\r\n\tAanmeldingstype:\t\t11\r\n\tBeperkte beheermodus:\t-\r\n\tExterne Credential Guard:\t-\r\n\tVirtueel account:\t\tNee\r\n\tVerhoogd token:\t\tJa\r\n\r\nImpersonatieniveau:\t\tImitatie\r\n\r\nNieuwe aanmelding:\r\n\tBeveiligings-id:\t\tS-1-5-21-3921402769-3534629334-1819278871-1001\r\n\tAccountnaam:\t\tvereecken.antoon@hotmail.com\r\n\tAccountdomein:\t\tMicrosoftAccount\r\n\tAanmeldings-id:\t\t0x2330FCBE\r\n\tGekoppelde aanmeldings-id:\t\t0x23310370\r\n\tNetwerkaccountnaam:\t-\r\n\tNetwerkaccountdomein:\t-\r\n\tAanmeldings-GUID:\t\t{00000000-0000-0000-0000-000000000000}\r\n\r\nProcesgegevens:\r\n\tProces-id:\t\t0xb58\r\n\tProcesnaam:\t\tC:\\Windows\\System32\\svchost.exe\r\n\r\nNetwerkgegevens:\r\n\tWerkstationnaam:\tAV-DESKTOP-HOME\r\n\tBronnetwerkadres:\t127.0.0.1\r\n\tBronpoort:\t\t0\r\n\r\nGedetaileerde verificatiegegevens:\r\n\tAanmeldingsproces:\t\tUser32 \r\n\tAuthenticatiepakket:\tNegotiate\r\n\tDoorgezette services:\t-\r\n\tPakketnaam (alleen NTLM):\t-\r\n\tSleutellengte:\t\t0\r\n\r\nDeze gebeurtenis wordt gegenereerd wanneer een aanmeldingssessie wordt gemaakt. De gebeurtenis wordt gegenereerd op de computer waartoe toegang is verkregen.\r\n\r\nDe onderwerpvelden geven het account aan op het lokale systeem dat de aanmelding heeft aangevraagd. Dit is meestal een service zoals de Server-service of een lokaal proces zoals Winlogon.exe of Services.exe.\r\n\r\nHet veld aanmeldingstype geeft het soort aanmelding aan die plaatsvond. De meestvoorkomende typen zijn 2 (interactief) en 3 (netwerk).\r\n\r\nDe velden Nieuwe aanmelding geven het account aan voor wie de nieuwe aanmelding is gemaakt, dat is het account dat is aangemeld.\r\n\r\nDe netwerkvelden geven aan waar een externe aanmeldingsaanvraag vandaan komt. De naam van het werkstation is niet altijd beschikbaar en kan in sommige gevallen leeg zijn.\r\n\r\nHet veld imitatieniveau geeft aan in hoeverre een proces in de aanmeldingssessie kan worden geïmiteerd.\r\n\r\nDe velden met verificatiegegevens bieden gedetailleerde informatie over deze specifieke aanmeldingsaanvraag.\r\n\t- De aanmeldings-GUID is een unieke id die kan worden gebruikt om deze gebeurtenis te correleren met een KDC-gebeurtenis.\r\n\t- Doorgezette services geven aan welke tussenliggende services hebben deelgenomen aan deze aanmeldingsaanvraag.\r\n\t- Pakketnaam geeft aan welk subprotocol van de NTLM-protocollen is gebruikt.\r\n\t- Sleutellengte geeft de lengte van de gegenereerde sessiesleutel aan. Dit is 0 als er geen sessiesleutel is aangevraagd.\""
            },
            "eventdata": {
                "subjectUserSid": "S-1-5-18",
                "subjectUserName": "AV-DESKTOP-HOME$",
                "subjectDomainName": "WORKGROUP",
                "subjectLogonId": "0x3e7",
                "targetUserSid": "S-1-5-21-3921402769-3534629334-1819278871-1001",
                "targetUserName": "vereecken.antoon@hotmail.com",
                "targetDomainName": "MicrosoftAccount",
                "targetLogonId": "0x2330fcbe",
                "logonType": "11",
                "logonProcessName": "User32",
                "authenticationPackageName": "Negotiate",
                "workstationName": "AV-DESKTOP-HOME",
                "logonGuid": "{00000000-0000-0000-0000-000000000000}",
                "keyLength": "0",
                "processId": "0xb58",
                "processName": "C:\\\\Windows\\\\System32\\\\svchost.exe",
                "ipAddress": "127.0.0.1",
                "ipPort": "0",
                "impersonationLevel": "%%1833",
                "virtualAccount": "%%1843",
                "targetLinkedLogonId": "0x23310370",
                "elevatedToken": "%%1842"
            }
        }
    },
    "location": "EventChannel"
}
{
    "timestamp": "2026-01-14T10:10:04.861+0100",
    "rule": {
        "level": 5,
        "description": "The VSS service is shutting down due to idle timeout.",
        "id": "60702",
        "firedtimes": 2,
        "mail": false,
        "groups": [
            "windows",
            "windows_application"
        ]
    },
    "agent": {
        "id": "001",
        "name": "av-desktop-home",
        "ip": "100.82.224.100"
    },
    "manager": {
        "name": "rb1"
    },
    "id": "1768381804.147591",
    "decoder": {
        "name": "windows_eventchannel"
    },
    "data": {
        "win": {
            "system": {
                "providerName": "VSS",
                "eventID": "8224",
                "version": "0",
                "level": "4",
                "task": "0",
                "opcode": "0",
                "keywords": "0x80000000000000",
                "systemTime": "2026-01-14T08:05:17.5424977Z",
                "eventRecordID": "112863",
                "processID": "41828",
                "threadID": "0",
                "channel": "Application",
                "computer": "av-desktop-home",
                "severityValue": "INFORMATION",
                "message": "\"De VSS-service is vanwege een time-out voor niet actief afgesloten. \""
            },
            "eventdata": {
                "binary": "2D20436F64653A2020434F525356434330303030303737322D2043616C6C3A2020434F525356434330303030303735342D205049443A202030303034313832382D205449443A202030303034363238382D20434D443A2020433A5C57494E444F57535C73797374656D33325C76737376632E6578652020202D20557365723A204E616D653A204E5420415554484F524954595C53595354454D2C205349443A532D312D352D313820"
            }
        }
    },
    "location": "EventChannel"
}
{
    "timestamp": "2026-01-14T10:10:04.862+0100",
    "rule": {
        "level": 3,
        "description": "Non network or service local logon.",
        "id": "67022",
        "firedtimes": 5,
        "mail": false,
        "groups": [
            "windows",
            " WEF"
        ]
    },
    "agent": {
        "id": "001",
        "name": "av-desktop-home",
        "ip": "100.82.224.100"
    },
    "manager": {
        "name": "rb1"
    },
    "id": "1768381804.149429",
    "decoder": {
        "name": "windows_eventchannel"
    },
    "data": {
        "win": {
            "system": {
                "providerName": "Microsoft-Windows-Security-Auditing",
                "providerGuid": "{54849625-5478-4994-a5ba-3e3b0328c30d}",
                "eventID": "4624",
                "version": "3",
                "level": "0",
                "task": "12544",
                "opcode": "0",
                "keywords": "0x8020000000000000",
                "systemTime": "2026-01-14T07:55:44.6138717Z",
                "eventRecordID": "2880477",
                "processID": "1988",
                "threadID": "44780",
                "channel": "Security",
                "computer": "av-desktop-home",
                "severityValue": "AUDIT_SUCCESS",
                "message": "\"Er is een account aangemeld.\r\n\r\nOnderwerp:\r\n\tBeveiligings-id:\t\tS-1-5-18\r\n\tAccountnaam:\t\tAV-DESKTOP-HOME$\r\n\tAccountdomein:\t\tWORKGROUP\r\n\tAanmeldings-id:\t\t0x3E7\r\n\r\nAanloggegevens:\r\n\tAanmeldingstype:\t\t11\r\n\tBeperkte beheermodus:\t-\r\n\tExterne Credential Guard:\t-\r\n\tVirtueel account:\t\tNee\r\n\tVerhoogd token:\t\tNee\r\n\r\nImpersonatieniveau:\t\tImitatie\r\n\r\nNieuwe aanmelding:\r\n\tBeveiligings-id:\t\tS-1-5-21-3921402769-3534629334-1819278871-1001\r\n\tAccountnaam:\t\tvereecken.antoon@hotmail.com\r\n\tAccountdomein:\t\tMicrosoftAccount\r\n\tAanmeldings-id:\t\t0x23310370\r\n\tGekoppelde aanmeldings-id:\t\t0x2330FCBE\r\n\tNetwerkaccountnaam:\t-\r\n\tNetwerkaccountdomein:\t-\r\n\tAanmeldings-GUID:\t\t{00000000-0000-0000-0000-000000000000}\r\n\r\nProcesgegevens:\r\n\tProces-id:\t\t0xb58\r\n\tProcesnaam:\t\tC:\\Windows\\System32\\svchost.exe\r\n\r\nNetwerkgegevens:\r\n\tWerkstationnaam:\tAV-DESKTOP-HOME\r\n\tBronnetwerkadres:\t127.0.0.1\r\n\tBronpoort:\t\t0\r\n\r\nGedetaileerde verificatiegegevens:\r\n\tAanmeldingsproces:\t\tUser32 \r\n\tAuthenticatiepakket:\tNegotiate\r\n\tDoorgezette services:\t-\r\n\tPakketnaam (alleen NTLM):\t-\r\n\tSleutellengte:\t\t0\r\n\r\nDeze gebeurtenis wordt gegenereerd wanneer een aanmeldingssessie wordt gemaakt. De gebeurtenis wordt gegenereerd op de computer waartoe toegang is verkregen.\r\n\r\nDe onderwerpvelden geven het account aan op het lokale systeem dat de aanmelding heeft aangevraagd. Dit is meestal een service zoals de Server-service of een lokaal proces zoals Winlogon.exe of Services.exe.\r\n\r\nHet veld aanmeldingstype geeft het soort aanmelding aan die plaatsvond. De meestvoorkomende typen zijn 2 (interactief) en 3 (netwerk).\r\n\r\nDe velden Nieuwe aanmelding geven het account aan voor wie de nieuwe aanmelding is gemaakt, dat is het account dat is aangemeld.\r\n\r\nDe netwerkvelden geven aan waar een externe aanmeldingsaanvraag vandaan komt. De naam van het werkstation is niet altijd beschikbaar en kan in sommige gevallen leeg zijn.\r\n\r\nHet veld imitatieniveau geeft aan in hoeverre een proces in de aanmeldingssessie kan worden geïmiteerd.\r\n\r\nDe velden met verificatiegegevens bieden gedetailleerde informatie over deze specifieke aanmeldingsaanvraag.\r\n\t- De aanmeldings-GUID is een unieke id die kan worden gebruikt om deze gebeurtenis te correleren met een KDC-gebeurtenis.\r\n\t- Doorgezette services geven aan welke tussenliggende services hebben deelgenomen aan deze aanmeldingsaanvraag.\r\n\t- Pakketnaam geeft aan welk subprotocol van de NTLM-protocollen is gebruikt.\r\n\t- Sleutellengte geeft de lengte van de gegenereerde sessiesleutel aan. Dit is 0 als er geen sessiesleutel is aangevraagd.\""
            },
            "eventdata": {
                "subjectUserSid": "S-1-5-18",
                "subjectUserName": "AV-DESKTOP-HOME$",
                "subjectDomainName": "WORKGROUP",
                "subjectLogonId": "0x3e7",
                "targetUserSid": "S-1-5-21-3921402769-3534629334-1819278871-1001",
                "targetUserName": "vereecken.antoon@hotmail.com",
                "targetDomainName": "MicrosoftAccount",
                "targetLogonId": "0x23310370",
                "logonType": "11",
                "logonProcessName": "User32",
                "authenticationPackageName": "Negotiate",
                "workstationName": "AV-DESKTOP-HOME",
                "logonGuid": "{00000000-0000-0000-0000-000000000000}",
                "keyLength": "0",
                "processId": "0xb58",
                "processName": "C:\\\\Windows\\\\System32\\\\svchost.exe",
                "ipAddress": "127.0.0.1",
                "ipPort": "0",
                "impersonationLevel": "%%1833",
                "virtualAccount": "%%1843",
                "targetLinkedLogonId": "0x2330fcbe",
                "elevatedToken": "%%1843"
            }
        }
    },
    "location": "EventChannel"
}
{
    "timestamp": "2026-01-14T10:10:04.873+0100",
    "rule": {
        "level": 3,
        "description": "Software protection service scheduled successfully.",
        "id": "60642",
        "firedtimes": 4,
        "mail": false,
        "groups": [
            "windows",
            "windows_application"
        ]
    },
    "agent": {
        "id": "001",
        "name": "av-desktop-home",
        "ip": "100.82.224.100"
    },
    "manager": {
        "name": "rb1"
    },
    "id": "1768381804.157525",
    "decoder": {
        "name": "windows_eventchannel"
    },
    "data": {
        "win": {
            "system": {
                "providerName": "Microsoft-Windows-Security-SPP",
                "providerGuid": "{E23B33B0-C8C9-472C-A5F9-F2BDFEA0F156}",
                "eventSourceName": "Software Protection Platform Service",
                "eventID": "16384",
                "version": "0",
                "level": "4",
                "task": "0",
                "opcode": "0",
                "keywords": "0x80000000000000",
                "systemTime": "2026-01-14T08:11:53.4443896Z",
                "eventRecordID": "112865",
                "processID": "14200",
                "threadID": "0",
                "channel": "Application",
                "computer": "av-desktop-home",
                "severityValue": "INFORMATION",
                "message": "\"Software Protection-service gepland voor opnieuw starten op 2125-12-21T08:11:53Z. Reden: RulesEngine.\""
            },
            "eventdata": {
                "data": "2125-12-21T08:11:53Z, RulesEngine"
            }
        }
    },
    "location": "EventChannel"
}
{
    "timestamp": "2026-01-14T10:10:04.873+0100",
    "rule": {
        "level": 3,
        "description": "Special privileges assigned to new logon.",
        "id": "67028",
        "mitre": {
            "id": [
                "T1484"
            ],
            "tactic": [
                "Defense Evasion",
                "Privilege Escalation"
            ],
            "technique": [
                "Domain Policy Modification"
            ]
        },
        "firedtimes": 3,
        "mail": false,
        "groups": [
            "windows",
            " WEF"
        ]
    },
    "agent": {
        "id": "001",
        "name": "av-desktop-home",
        "ip": "100.82.224.100"
    },
    "manager": {
        "name": "rb1"
    },
    "id": "1768381804.159115",
    "decoder": {
        "name": "windows_eventchannel"
    },
    "data": {
        "win": {
            "system": {
                "providerName": "Microsoft-Windows-Security-Auditing",
                "providerGuid": "{54849625-5478-4994-a5ba-3e3b0328c30d}",
                "eventID": "4672",
                "version": "0",
                "level": "0",
                "task": "12548",
                "opcode": "0",
                "keywords": "0x8020000000000000",
                "systemTime": "2026-01-14T07:55:44.6138788Z",
                "eventRecordID": "2880478",
                "processID": "1988",
                "threadID": "44780",
                "channel": "Security",
                "computer": "av-desktop-home",
                "severityValue": "AUDIT_SUCCESS",
                "message": "\"Speciale bevoegdheden toegewezen aan nieuwe aanmelding.\r\n\r\nOnderwerp:\r\n\tBeveiligings-id:\t\tS-1-5-21-3921402769-3534629334-1819278871-1001\r\n\tAccountnaam:\t\tvereecken.antoon@hotmail.com\r\n\tAccountdomein:\t\tMicrosoftAccount\r\n\tAanmeldings-id:\t\t0x2330FCBE\r\n\r\nBevoegdheden:\t\tSeSecurityPrivilege\r\n\t\t\tSeTakeOwnershipPrivilege\r\n\t\t\tSeLoadDriverPrivilege\r\n\t\t\tSeBackupPrivilege\r\n\t\t\tSeRestorePrivilege\r\n\t\t\tSeDebugPrivilege\r\n\t\t\tSeSystemEnvironmentPrivilege\r\n\t\t\tSeImpersonatePrivilege\r\n\t\t\tSeDelegateSessionUserImpersonatePrivilege\""
            },
            "eventdata": {
                "subjectUserSid": "S-1-5-21-3921402769-3534629334-1819278871-1001",
                "subjectUserName": "vereecken.antoon@hotmail.com",
                "subjectDomainName": "MicrosoftAccount",
                "subjectLogonId": "0x2330fcbe",
                "privilegeList": "SeSecurityPrivilege     SeTakeOwnershipPrivilege     SeLoadDriverPrivilege     SeBackupPrivilege     SeRestorePrivilege     SeDebugPrivilege     SeSystemEnvironmentPrivilege     SeImpersonatePrivilege     SeDelegateSessionUserImpersonatePrivilege"
            }
        }
    },
    "location": "EventChannel"
}
{
    "timestamp": "2026-01-14T10:10:04.890+0100",
    "rule": {
        "level": 5,
        "description": "The VSS service is shutting down due to idle timeout.",
        "id": "60702",
        "firedtimes": 3,
        "mail": false,
        "groups": [
            "windows",
            "windows_application"
        ]
    },
    "agent": {
        "id": "001",
        "name": "av-desktop-home",
        "ip": "100.82.224.100"
    },
    "manager": {
        "name": "rb1"
    },
    "id": "1768381804.162329",
    "decoder": {
        "name": "windows_eventchannel"
    },
    "data": {
        "win": {
            "system": {
                "providerName": "VSS",
                "eventID": "8224",
                "version": "0",
                "level": "4",
                "task": "0",
                "opcode": "0",
                "keywords": "0x80000000000000",
                "systemTime": "2026-01-14T08:32:09.3739872Z",
                "eventRecordID": "112868",
                "processID": "35820",
                "threadID": "0",
                "channel": "Application",
                "computer": "av-desktop-home",
                "severityValue": "INFORMATION",
                "message": "\"De VSS-service is vanwege een time-out voor niet actief afgesloten. \""
            },
            "eventdata": {
                "binary": "2D20436F64653A2020434F525356434330303030303737322D2043616C6C3A2020434F525356434330303030303735342D205049443A202030303033353832302D205449443A202030303032323330342D20434D443A2020433A5C57494E444F57535C73797374656D33325C76737376632E6578652020202D20557365723A204E616D653A204E5420415554484F524954595C53595354454D2C205349443A532D312D352D313820"
            }
        }
    },
    "location": "EventChannel"
}
{
    "timestamp": "2026-01-14T10:10:04.893+0100",
    "rule": {
        "level": 3,
        "description": "Software protection service scheduled successfully.",
        "id": "60642",
        "firedtimes": 5,
        "mail": false,
        "groups": [
            "windows",
            "windows_application"
        ]
    },
    "agent": {
        "id": "001",
        "name": "av-desktop-home",
        "ip": "100.82.224.100"
    },
    "manager": {
        "name": "rb1"
    },
    "id": "1768381804.164167",
    "decoder": {
        "name": "windows_eventchannel"
    },
    "data": {
        "win": {
            "system": {
                "providerName": "Microsoft-Windows-Security-SPP",
                "providerGuid": "{E23B33B0-C8C9-472C-A5F9-F2BDFEA0F156}",
                "eventSourceName": "Software Protection Platform Service",
                "eventID": "16384",
                "version": "0",
                "level": "4",
                "task": "0",
                "opcode": "0",
                "keywords": "0x80000000000000",
                "systemTime": "2026-01-14T08:57:05.7847464Z",
                "eventRecordID": "112870",
                "processID": "33252",
                "threadID": "0",
                "channel": "Application",
                "computer": "av-desktop-home",
                "severityValue": "INFORMATION",
                "message": "\"Software Protection-service gepland voor opnieuw starten op 2125-12-21T08:57:05Z. Reden: RulesEngine.\""
            },
            "eventdata": {
                "data": "2125-12-21T08:57:05Z, RulesEngine"
            }
        }
    },
    "location": "EventChannel"
}
{
    "timestamp": "2026-01-14T10:10:04.902+0100",
    "rule": {
        "level": 3,
        "description": "Windows installer began an installation process.",
        "id": "60610",
        "firedtimes": 1,
        "mail": false,
        "groups": [
            "windows",
            "windows_application"
        ]
    },
    "agent": {
        "id": "001",
        "name": "av-desktop-home",
        "ip": "100.82.224.100"
    },
    "manager": {
        "name": "rb1"
    },
    "id": "1768381804.165757",
    "decoder": {
        "name": "windows_eventchannel"
    },
    "data": {
        "win": {
            "system": {
                "providerName": "MsiInstaller",
                "eventID": "1040",
                "version": "0",
                "level": "4",
                "task": "0",
                "opcode": "0",
                "keywords": "0x80000000000000",
                "systemTime": "2026-01-14T09:07:54.0817936Z",
                "eventRecordID": "112872",
                "processID": "42408",
                "threadID": "0",
                "channel": "Application",
                "computer": "av-desktop-home",
                "severityValue": "INFORMATION",
                "message": "\"De volgende Windows Installer-transactie wordt gestart: C:\\Users\\veree\\AppData\\Local\\Package Cache\\{67CA7146-E4AD-4292-B020-573D24026CCC}v3.13.11150.0\\core.msi. Id van clientproces: 47752.\""
            },
            "eventdata": {
                "data": "C:\\\\Users\\\\veree\\\\AppData\\\\Local\\\\Package Cache\\\\{67CA7146-E4AD-4292-B020-573D24026CCC}v3.13.11150.0\\\\core.msi, 47752"
            }
        }
    },
    "location": "EventChannel"
}
{
    "timestamp": "2026-01-14T10:10:04.913+0100",
    "rule": {
        "level": 3,
        "description": "Application installed Product: Python 3.13.11 Core Interpreter (64-bit) -- Installation completed successfully..",
        "id": "60612",
        "firedtimes": 1,
        "mail": false,
        "groups": [
            "windows",
            "windows_application"
        ]
    },
    "agent": {
        "id": "001",
        "name": "av-desktop-home",
        "ip": "100.82.224.100"
    },
    "manager": {
        "name": "rb1"
    },
    "id": "1768381804.167427",
    "decoder": {
        "name": "windows_eventchannel"
    },
    "data": {
        "win": {
            "system": {
                "providerName": "MsiInstaller",
                "eventID": "11707",
                "version": "0",
                "level": "4",
                "task": "0",
                "opcode": "0",
                "keywords": "0x80000000000000",
                "systemTime": "2026-01-14T09:07:54.7793688Z",
                "eventRecordID": "112873",
                "processID": "42408",
                "threadID": "0",
                "channel": "Application",
                "computer": "av-desktop-home",
                "severityValue": "INFORMATION",
                "message": "\"Product: Python 3.13.11 Core Interpreter (64-bit) -- Installation completed successfully.\""
            },
            "eventdata": {
                "binary": "7B36374341373134362D453441442D343239322D423032302D3537334432343032364343437D",
                "data": "Product: Python 3.13.11 Core Interpreter (64-bit) -- Installation completed successfully."
            }
        }
    },
    "location": "EventChannel"
}
{
    "timestamp": "2026-01-14T10:10:04.916+0100",
    "rule": {
        "level": 3,
        "description": "Application installed Python 3.13.11 Core Interpreter (64-bit), 3.13.11150.0, 1033, 0, Python Software Foundation.",
        "id": "60612",
        "firedtimes": 2,
        "mail": false,
        "groups": [
            "windows",
            "windows_application"
        ]
    },
    "agent": {
        "id": "001",
        "name": "av-desktop-home",
        "ip": "100.82.224.100"
    },
    "manager": {
        "name": "rb1"
    },
    "id": "1768381804.169075",
    "decoder": {
        "name": "windows_eventchannel"
    },
    "data": {
        "win": {
            "system": {
                "providerName": "MsiInstaller",
                "eventID": "1033",
                "version": "0",
                "level": "4",
                "task": "0",
                "opcode": "0",
                "keywords": "0x80000000000000",
                "systemTime": "2026-01-14T09:07:54.7797156Z",
                "eventRecordID": "112874",
                "processID": "42408",
                "threadID": "0",
                "channel": "Application",
                "computer": "av-desktop-home",
                "severityValue": "INFORMATION",
                "message": "\"Het product is geïnstalleerd. Productnaam: Python 3.13.11 Core Interpreter (64-bit). Productversie: 3.13.11150.0. Producttaal: 1033. Fabrikant: Python Software Foundation. Status van geslaagde/mislukte installatie: 0.\""
            },
            "eventdata": {
                "binary": "7B36374341373134362D453441442D343239322D423032302D3537334432343032364343437D3030303062616163616365353838626166323263353461393339316335396236323439663030303030393034",
                "data": "Python 3.13.11 Core Interpreter (64-bit), 3.13.11150.0, 1033, 0, Python Software Foundation"
            }
        }
    },
    "location": "EventChannel"
}
{
    "timestamp": "2026-01-14T10:10:04.930+0100",
    "rule": {
        "level": 3,
        "description": "Windows installer began an installation process.",
        "id": "60610",
        "firedtimes": 2,
        "mail": false,
        "groups": [
            "windows",
            "windows_application"
        ]
    },
    "agent": {
        "id": "001",
        "name": "av-desktop-home",
        "ip": "100.82.224.100"
    },
    "manager": {
        "name": "rb1"
    },
    "id": "1768381804.171161",
    "decoder": {
        "name": "windows_eventchannel"
    },
    "data": {
        "win": {
            "system": {
                "providerName": "MsiInstaller",
                "eventID": "1040",
                "version": "0",
                "level": "4",
                "task": "0",
                "opcode": "0",
                "keywords": "0x80000000000000",
                "systemTime": "2026-01-14T09:07:54.8093504Z",
                "eventRecordID": "112876",
                "processID": "42408",
                "threadID": "0",
                "channel": "Application",
                "computer": "av-desktop-home",
                "severityValue": "INFORMATION",
                "message": "\"De volgende Windows Installer-transactie wordt gestart: C:\\Users\\veree\\AppData\\Local\\Package Cache\\{365944F0-E6E6-4416-8EF8-8ABF3334E9FE}v3.13.11150.0\\exe.msi. Id van clientproces: 47752.\""
            },
            "eventdata": {
                "data": "C:\\\\Users\\\\veree\\\\AppData\\\\Local\\\\Package Cache\\\\{365944F0-E6E6-4416-8EF8-8ABF3334E9FE}v3.13.11150.0\\\\exe.msi, 47752"
            }
        }
    },
    "location": "EventChannel"
}
