{
    "timestamp": "2026-01-14T10:10:04.958+0100",
    "rule": {
        "level": 3,
        "description": "Application installed Product: Python 3.13.11 Executables (64-bit) -- Installation completed successfully..",
        "id": "60612",
        "firedtimes": 3,
        "mail": false,
        "groups": [
            "windows",
            "windows_application"
        ]
    },
    "agent": {
        "id": "001",
        "name": "av-desktop-home",
        "ip": "100.82.224.100"
    },
    "manager": {
        "name": "rb1"
    },
    "id": "1768381804.172827",
    "decoder": {
        "name": "windows_eventchannel"
    },
    "data": {
        "win": {
            "system": {
                "providerName": "MsiInstaller",
                "eventID": "11707",
                "version": "0",
                "level": "4",
                "task": "0",
                "opcode": "0",
                "keywords": "0x80000000000000",
                "systemTime": "2026-01-14T09:07:55.5907845Z",
                "eventRecordID": "112883",
                "processID": "42408",
                "threadID": "0",
                "channel": "Application",
                "computer": "av-desktop-home",
                "severityValue": "INFORMATION",
                "message": "\"Product: Python 3.13.11 Executables (64-bit) -- Installation completed successfully.\""
            },
            "eventdata": {
                "binary": "7B33363539343446302D453645362D343431362D384546382D3841424633333334453946457D",
                "data": "Product: Python 3.13.11 Executables (64-bit) -- Installation completed successfully."
            }
        }
    },
    "location": "EventChannel"
}
{
    "timestamp": "2026-01-14T10:10:04.967+0100",
    "rule": {
        "level": 3,
        "description": "Application installed Python 3.13.11 Executables (64-bit), 3.13.11150.0, 1033, 0, Python Software Foundation.",
        "id": "60612",
        "firedtimes": 4,
        "mail": false,
        "groups": [
            "windows",
            "windows_application"
        ]
    },
    "agent": {
        "id": "001",
        "name": "av-desktop-home",
        "ip": "100.82.224.100"
    },
    "manager": {
        "name": "rb1"
    },
    "id": "1768381804.174450",
    "decoder": {
        "name": "windows_eventchannel"
    },
    "data": {
        "win": {
            "system": {
                "providerName": "MsiInstaller",
                "eventID": "1033",
                "version": "0",
                "level": "4",
                "task": "0",
                "opcode": "0",
                "keywords": "0x80000000000000",
                "systemTime": "2026-01-14T09:07:55.5911029Z",
                "eventRecordID": "112884",
                "processID": "42408",
                "threadID": "0",
                "channel": "Application",
                "computer": "av-desktop-home",
                "severityValue": "INFORMATION",
                "message": "\"Het product is geïnstalleerd. Productnaam: Python 3.13.11 Executables (64-bit). Productversie: 3.13.11150.0. Producttaal: 1033. Fabrikant: Python Software Foundation. Status van geslaagde/mislukte installatie: 0.\""
            },
            "eventdata": {
                "binary": "7B33363539343446302D453645362D343431362D384546382D3841424633333334453946457D3030303064646435363439653836323766613665316638313532333334653339343632383030303030393034",
                "data": "Python 3.13.11 Executables (64-bit), 3.13.11150.0, 1033, 0, Python Software Foundation"
            }
        }
    },
    "location": "EventChannel"
}
{
    "timestamp": "2026-01-14T10:10:04.975+0100",
    "rule": {
        "level": 3,
        "description": "Windows installer began an installation process.",
        "id": "60610",
        "firedtimes": 3,
        "mail": false,
        "groups": [
            "windows",
            "windows_application"
        ]
    },
    "agent": {
        "id": "001",
        "name": "av-desktop-home",
        "ip": "100.82.224.100"
    },
    "manager": {
        "name": "rb1"
    },
    "id": "1768381804.176511",
    "decoder": {
        "name": "windows_eventchannel"
    },
    "data": {
        "win": {
            "system": {
                "providerName": "MsiInstaller",
                "eventID": "1040",
                "version": "0",
                "level": "4",
                "task": "0",
                "opcode": "0",
                "keywords": "0x80000000000000",
                "systemTime": "2026-01-14T09:07:55.6179791Z",
                "eventRecordID": "112886",
                "processID": "42408",
                "threadID": "0",
                "channel": "Application",
                "computer": "av-desktop-home",
                "severityValue": "INFORMATION",
                "message": "\"De volgende Windows Installer-transactie wordt gestart: C:\\Users\\veree\\AppData\\Local\\Package Cache\\{2190921E-ACF7-433B-BD17-899515BD2623}v3.13.11150.0\\dev.msi. Id van clientproces: 47752.\""
            },
            "eventdata": {
                "data": "C:\\\\Users\\\\veree\\\\AppData\\\\Local\\\\Package Cache\\\\{2190921E-ACF7-433B-BD17-899515BD2623}v3.13.11150.0\\\\dev.msi, 47752"
            }
        }
    },
    "location": "EventChannel"
}
{
    "timestamp": "2026-01-14T10:10:05.003+0100",
    "rule": {
        "level": 3,
        "description": "Application installed Product: Python 3.13.11 Development Libraries (64-bit) -- Installation completed successfully..",
        "id": "60612",
        "firedtimes": 5,
        "mail": false,
        "groups": [
            "windows",
            "windows_application"
        ]
    },
    "agent": {
        "id": "001",
        "name": "av-desktop-home",
        "ip": "100.82.224.100"
    },
    "manager": {
        "name": "rb1"
    },
    "id": "1768381805.178177",
    "decoder": {
        "name": "windows_eventchannel"
    },
    "data": {
        "win": {
            "system": {
                "providerName": "MsiInstaller",
                "eventID": "11707",
                "version": "0",
                "level": "4",
                "task": "0",
                "opcode": "0",
                "keywords": "0x80000000000000",
                "systemTime": "2026-01-14T09:07:59.9752359Z",
                "eventRecordID": "112891",
                "processID": "42408",
                "threadID": "0",
                "channel": "Application",
                "computer": "av-desktop-home",
                "severityValue": "INFORMATION",
                "message": "\"Product: Python 3.13.11 Development Libraries (64-bit) -- Installation completed successfully.\""
            },
            "eventdata": {
                "binary": "7B32313930393231452D414346372D343333422D424431372D3839393531354244323632337D",
                "data": "Product: Python 3.13.11 Development Libraries (64-bit) -- Installation completed successfully."
            }
        }
    },
    "location": "EventChannel"
}
{
    "timestamp": "2026-01-14T10:10:05.009+0100",
    "rule": {
        "level": 3,
        "description": "Application installed Python 3.13.11 Development Libraries (64-bit), 3.13.11150.0, 1033, 0, Python Software Foundation.",
        "id": "60612",
        "firedtimes": 6,
        "mail": false,
        "groups": [
            "windows",
            "windows_application"
        ]
    },
    "agent": {
        "id": "001",
        "name": "av-desktop-home",
        "ip": "100.82.224.100"
    },
    "manager": {
        "name": "rb1"
    },
    "id": "1768381805.179850",
    "decoder": {
        "name": "windows_eventchannel"
    },
    "data": {
        "win": {
            "system": {
                "providerName": "MsiInstaller",
                "eventID": "1033",
                "version": "0",
                "level": "4",
                "task": "0",
                "opcode": "0",
                "keywords": "0x80000000000000",
                "systemTime": "2026-01-14T09:07:59.9756227Z",
                "eventRecordID": "112892",
                "processID": "42408",
                "threadID": "0",
                "channel": "Application",
                "computer": "av-desktop-home",
                "severityValue": "INFORMATION",
                "message": "\"Het product is geïnstalleerd. Productnaam: Python 3.13.11 Development Libraries (64-bit). Productversie: 3.13.11150.0. Producttaal: 1033. Fabrikant: Python Software Foundation. Status van geslaagde/mislukte installatie: 0.\""
            },
            "eventdata": {
                "binary": "7B32313930393231452D414346372D343333422D424431372D3839393531354244323632337D3030303036663635336166643933366238306232646636643632313735393762336637393030303030393034",
                "data": "Python 3.13.11 Development Libraries (64-bit), 3.13.11150.0, 1033, 0, Python Software Foundation"
            }
        }
    },
    "location": "EventChannel"
}
{
    "timestamp": "2026-01-14T10:10:05.022+0100",
    "rule": {
        "level": 3,
        "description": "Windows installer began an installation process.",
        "id": "60610",
        "firedtimes": 4,
        "mail": false,
        "groups": [
            "windows",
            "windows_application"
        ]
    },
    "agent": {
        "id": "001",
        "name": "av-desktop-home",
        "ip": "100.82.224.100"
    },
    "manager": {
        "name": "rb1"
    },
    "id": "1768381805.181961",
    "decoder": {
        "name": "windows_eventchannel"
    },
    "data": {
        "win": {
            "system": {
                "providerName": "MsiInstaller",
                "eventID": "1040",
                "version": "0",
                "level": "4",
                "task": "0",
                "opcode": "0",
                "keywords": "0x80000000000000",
                "systemTime": "2026-01-14T09:08:00.0002229Z",
                "eventRecordID": "112894",
                "processID": "42408",
                "threadID": "0",
                "channel": "Application",
                "computer": "av-desktop-home",
                "severityValue": "INFORMATION",
                "message": "\"De volgende Windows Installer-transactie wordt gestart: C:\\Users\\veree\\AppData\\Local\\Package Cache\\{3A9408B8-943D-4C97-9534-2E6550381923}v3.13.11150.0\\lib.msi. Id van clientproces: 47752.\""
            },
            "eventdata": {
                "data": "C:\\\\Users\\\\veree\\\\AppData\\\\Local\\\\Package Cache\\\\{3A9408B8-943D-4C97-9534-2E6550381923}v3.13.11150.0\\\\lib.msi, 47752"
            }
        }
    },
    "location": "EventChannel"
}
{
    "timestamp": "2026-01-14T10:10:05.052+0100",
    "rule": {
        "level": 3,
        "description": "Application installed Product: Python 3.13.11 Standard Library (64-bit) -- Installation completed successfully..",
        "id": "60612",
        "firedtimes": 7,
        "mail": false,
        "groups": [
            "windows",
            "windows_application"
        ]
    },
    "agent": {
        "id": "001",
        "name": "av-desktop-home",
        "ip": "100.82.224.100"
    },
    "manager": {
        "name": "rb1"
    },
    "id": "1768381805.183627",
    "decoder": {
        "name": "windows_eventchannel"
    },
    "data": {
        "win": {
            "system": {
                "providerName": "MsiInstaller",
                "eventID": "11707",
                "version": "0",
                "level": "4",
                "task": "0",
                "opcode": "0",
                "keywords": "0x80000000000000",
                "systemTime": "2026-01-14T09:08:06.4561685Z",
                "eventRecordID": "112899",
                "processID": "42408",
                "threadID": "0",
                "channel": "Application",
                "computer": "av-desktop-home",
                "severityValue": "INFORMATION",
                "message": "\"Product: Python 3.13.11 Standard Library (64-bit) -- Installation completed successfully.\""
            },
            "eventdata": {
                "binary": "7B33413934303842382D393433442D344339372D393533342D3245363535303338313932337D",
                "data": "Product: Python 3.13.11 Standard Library (64-bit) -- Installation completed successfully."
            }
        }
    },
    "location": "EventChannel"
}
{
    "timestamp": "2026-01-14T10:10:05.055+0100",
    "rule": {
        "level": 3,
        "description": "Application installed Python 3.13.11 Standard Library (64-bit), 3.13.11150.0, 1033, 0, Python Software Foundation.",
        "id": "60612",
        "firedtimes": 8,
        "mail": false,
        "groups": [
            "windows",
            "windows_application"
        ]
    },
    "agent": {
        "id": "001",
        "name": "av-desktop-home",
        "ip": "100.82.224.100"
    },
    "manager": {
        "name": "rb1"
    },
    "id": "1768381805.185275",
    "decoder": {
        "name": "windows_eventchannel"
    },
    "data": {
        "win": {
            "system": {
                "providerName": "MsiInstaller",
                "eventID": "1033",
                "version": "0",
                "level": "4",
                "task": "0",
                "opcode": "0",
                "keywords": "0x80000000000000",
                "systemTime": "2026-01-14T09:08:06.4565329Z",
                "eventRecordID": "112900",
                "processID": "42408",
                "threadID": "0",
                "channel": "Application",
                "computer": "av-desktop-home",
                "severityValue": "INFORMATION",
                "message": "\"Het product is geïnstalleerd. Productnaam: Python 3.13.11 Standard Library (64-bit). Productversie: 3.13.11150.0. Producttaal: 1033. Fabrikant: Python Software Foundation. Status van geslaagde/mislukte installatie: 0.\""
            },
            "eventdata": {
                "binary": "7B33413934303842382D393433442D344339372D393533342D3245363535303338313932337D3030303034326262366533386532636633653834663739333662323130383937323030643030303030393034",
                "data": "Python 3.13.11 Standard Library (64-bit), 3.13.11150.0, 1033, 0, Python Software Foundation"
            }
        }
    },
    "location": "EventChannel"
}
{
    "timestamp": "2026-01-14T10:10:05.068+0100",
    "rule": {
        "level": 3,
        "description": "Windows installer began an installation process.",
        "id": "60610",
        "firedtimes": 5,
        "mail": false,
        "groups": [
            "windows",
            "windows_application"
        ]
    },
    "agent": {
        "id": "001",
        "name": "av-desktop-home",
        "ip": "100.82.224.100"
    },
    "manager": {
        "name": "rb1"
    },
    "id": "1768381805.187361",
    "decoder": {
        "name": "windows_eventchannel"
    },
    "data": {
        "win": {
            "system": {
                "providerName": "MsiInstaller",
                "eventID": "1040",
                "version": "0",
                "level": "4",
                "task": "0",
                "opcode": "0",
                "keywords": "0x80000000000000",
                "systemTime": "2026-01-14T09:08:06.4843526Z",
                "eventRecordID": "112902",
                "processID": "42408",
                "threadID": "0",
                "channel": "Application",
                "computer": "av-desktop-home",
                "severityValue": "INFORMATION",
                "message": "\"De volgende Windows Installer-transactie wordt gestart: C:\\Users\\veree\\AppData\\Local\\Package Cache\\{D2B9DB88-86A4-42DA-9FBA-FA1F6FFEA0C7}v3.13.11150.0\\test.msi. Id van clientproces: 47752.\""
            },
            "eventdata": {
                "data": "C:\\\\Users\\\\veree\\\\AppData\\\\Local\\\\Package Cache\\\\{D2B9DB88-86A4-42DA-9FBA-FA1F6FFEA0C7}v3.13.11150.0\\\\test.msi, 47752"
            }
        }
    },
    "location": "EventChannel"
}
{
    "timestamp": "2026-01-14T10:10:05.079+0100",
    "rule": {
        "level": 5,
        "description": "Windows System error event",
        "id": "61102",
        "firedtimes": 1,
        "mail": false,
        "groups": [
            "windows",
            "windows_system",
            "system_error"
        ],
        "gpg13": [
            "4.3"
        ],
        "gdpr": [
            "IV_35.7.d"
        ]
    },
    "agent": {
        "id": "001",
        "name": "av-desktop-home",
        "ip": "100.82.224.100"
    },
    "manager": {
        "name": "rb1"
    },
    "id": "1768381805.189031",
    "decoder": {
        "name": "windows_eventchannel"
    },
    "data": {
        "win": {
            "system": {
                "providerName": "Microsoft-Windows-DistributedCOM",
                "providerGuid": "{1B562E86-B7AA-4131-BADC-B6F3A001407E}",
                "eventSourceName": "DCOM",
                "eventID": "10010",
                "version": "0",
                "level": "2",
                "task": "0",
                "opcode": "0",
                "keywords": "0x8080000000000000",
                "systemTime": "2026-01-13T23:15:15.4633431Z",
                "eventRecordID": "105690",
                "processID": "2124",
                "threadID": "41112",
                "channel": "System",
                "computer": "av-desktop-home",
                "severityValue": "ERROR",
                "message": "\"De server {6FA05A24-B1DF-4155-909E-7B424F2D2BB5} heeft zich niet binnen de vereiste termijn bij DCOM geregistreerd.\""
            },
            "eventdata": {
                "param1": "{6FA05A24-B1DF-4155-909E-7B424F2D2BB5}"
            }
        }
    },
    "location": "EventChannel"
}
{
    "timestamp": "2026-01-14T10:10:05.096+0100",
    "rule": {
        "level": 3,
        "description": "Application installed Product: Python 3.13.11 Test Suite (64-bit) -- Installation completed successfully..",
        "id": "60612",
        "firedtimes": 9,
        "mail": false,
        "groups": [
            "windows",
            "windows_application"
        ]
    },
    "agent": {
        "id": "001",
        "name": "av-desktop-home",
        "ip": "100.82.224.100"
    },
    "manager": {
        "name": "rb1"
    },
    "id": "1768381805.190599",
    "decoder": {
        "name": "windows_eventchannel"
    },
    "data": {
        "win": {
            "system": {
                "providerName": "MsiInstaller",
                "eventID": "11707",
                "version": "0",
                "level": "4",
                "task": "0",
                "opcode": "0",
                "keywords": "0x80000000000000",
                "systemTime": "2026-01-14T09:08:22.1100027Z",
                "eventRecordID": "112907",
                "processID": "42408",
                "threadID": "0",
                "channel": "Application",
                "computer": "av-desktop-home",
                "severityValue": "INFORMATION",
                "message": "\"Product: Python 3.13.11 Test Suite (64-bit) -- Installation completed successfully.\""
            },
            "eventdata": {
                "binary": "7B44324239444238382D383641342D343244412D394642412D4641314636464645413043377D",
                "data": "Product: Python 3.13.11 Test Suite (64-bit) -- Installation completed successfully."
            }
        }
    },
    "location": "EventChannel"
}
{
    "timestamp": "2026-01-14T10:10:05.101+0100",
    "rule": {
        "level": 5,
        "description": "Windows System error event",
        "id": "61102",
        "firedtimes": 2,
        "mail": false,
        "groups": [
            "windows",
            "windows_system",
            "system_error"
        ],
        "gpg13": [
            "4.3"
        ],
        "gdpr": [
            "IV_35.7.d"
        ]
    },
    "agent": {
        "id": "001",
        "name": "av-desktop-home",
        "ip": "100.82.224.100"
    },
    "manager": {
        "name": "rb1"
    },
    "id": "1768381805.192217",
    "decoder": {
        "name": "windows_eventchannel"
    },
    "data": {
        "win": {
            "system": {
                "providerName": "Microsoft-Windows-DistributedCOM",
                "providerGuid": "{1B562E86-B7AA-4131-BADC-B6F3A001407E}",
                "eventSourceName": "DCOM",
                "eventID": "10010",
                "version": "0",
                "level": "2",
                "task": "0",
                "opcode": "0",
                "keywords": "0x8080000000000000",
                "systemTime": "2026-01-13T23:15:15.6141644Z",
                "eventRecordID": "105692",
                "processID": "2124",
                "threadID": "46948",
                "channel": "System",
                "computer": "av-desktop-home",
                "severityValue": "ERROR",
                "message": "\"De server {6FA05A24-B1DF-4155-909E-7B424F2D2BB5} heeft zich niet binnen de vereiste termijn bij DCOM geregistreerd.\""
            },
            "eventdata": {
                "param1": "{6FA05A24-B1DF-4155-909E-7B424F2D2BB5}"
            }
        }
    },
    "location": "EventChannel"
}
{
    "timestamp": "2026-01-14T10:10:05.107+0100",
    "rule": {
        "level": 3,
        "description": "Application installed Python 3.13.11 Test Suite (64-bit), 3.13.11150.0, 1033, 0, Python Software Foundation.",
        "id": "60612",
        "firedtimes": 10,
        "mail": false,
        "groups": [
            "windows",
            "windows_application"
        ]
    },
    "agent": {
        "id": "001",
        "name": "av-desktop-home",
        "ip": "100.82.224.100"
    },
    "manager": {
        "name": "rb1"
    },
    "id": "1768381805.193785",
    "decoder": {
        "name": "windows_eventchannel"
    },
    "data": {
        "win": {
            "system": {
                "providerName": "MsiInstaller",
                "eventID": "1033",
                "version": "0",
                "level": "4",
                "task": "0",
                "opcode": "0",
                "keywords": "0x80000000000000",
                "systemTime": "2026-01-14T09:08:22.1103392Z",
                "eventRecordID": "112908",
                "processID": "42408",
                "threadID": "0",
                "channel": "Application",
                "computer": "av-desktop-home",
                "severityValue": "INFORMATION",
                "message": "\"Het product is geïnstalleerd. Productnaam: Python 3.13.11 Test Suite (64-bit). Productversie: 3.13.11150.0. Producttaal: 1033. Fabrikant: Python Software Foundation. Status van geslaagde/mislukte installatie: 0.\""
            },
            "eventdata": {
                "binary": "7B44324239444238382D383641342D343244412D394642412D4641314636464645413043377D3030303037306664313862366638646563303765653561343663386435336432303362393030303030393034",
                "data": "Python 3.13.11 Test Suite (64-bit), 3.13.11150.0, 1033, 0, Python Software Foundation"
            }
        }
    },
    "location": "EventChannel"
}
{
    "timestamp": "2026-01-14T10:10:05.124+0100",
    "rule": {
        "level": 3,
        "description": "Windows installer began an installation process.",
        "id": "60610",
        "firedtimes": 6,
        "mail": false,
        "groups": [
            "windows",
            "windows_application"
        ]
    },
    "agent": {
        "id": "001",
        "name": "av-desktop-home",
        "ip": "100.82.224.100"
    },
    "manager": {
        "name": "rb1"
    },
    "id": "1768381805.195841",
    "decoder": {
        "name": "windows_eventchannel"
    },
    "data": {
        "win": {
            "system": {
                "providerName": "MsiInstaller",
                "eventID": "1040",
                "version": "0",
                "level": "4",
                "task": "0",
                "opcode": "0",
                "keywords": "0x80000000000000",
                "systemTime": "2026-01-14T09:08:22.1370252Z",
                "eventRecordID": "112910",
                "processID": "42408",
                "threadID": "0",
                "channel": "Application",
                "computer": "av-desktop-home",
                "severityValue": "INFORMATION",
                "message": "\"De volgende Windows Installer-transactie wordt gestart: C:\\Users\\veree\\AppData\\Local\\Package Cache\\{DC199717-0201-401B-84FD-C50038DFF50C}v3.13.11150.0\\doc.msi. Id van clientproces: 47752.\""
            },
            "eventdata": {
                "data": "C:\\\\Users\\\\veree\\\\AppData\\\\Local\\\\Package Cache\\\\{DC199717-0201-401B-84FD-C50038DFF50C}v3.13.11150.0\\\\doc.msi, 47752"
            }
        }
    },
    "location": "EventChannel"
}
{
    "timestamp": "2026-01-14T10:10:05.163+0100",
    "rule": {
        "level": 3,
        "description": "Application installed Product: Python 3.13.11 Documentation (64-bit) -- Installation completed successfully..",
        "id": "60612",
        "firedtimes": 11,
        "mail": false,
        "groups": [
            "windows",
            "windows_application"
        ]
    },
    "agent": {
        "id": "001",
        "name": "av-desktop-home",
        "ip": "100.82.224.100"
    },
    "manager": {
        "name": "rb1"
    },
    "id": "1768381805.197507",
    "decoder": {
        "name": "windows_eventchannel"
    },
    "data": {
        "win": {
            "system": {
                "providerName": "MsiInstaller",
                "eventID": "11707",
                "version": "0",
                "level": "4",
                "task": "0",
                "opcode": "0",
                "keywords": "0x80000000000000",
                "systemTime": "2026-01-14T09:08:35.1788003Z",
                "eventRecordID": "112915",
                "processID": "42408",
                "threadID": "0",
                "channel": "Application",
                "computer": "av-desktop-home",
                "severityValue": "INFORMATION",
                "message": "\"Product: Python 3.13.11 Documentation (64-bit) -- Installation completed successfully.\""
            },
            "eventdata": {
                "binary": "7B44433139393731372D303230312D343031422D383446442D4335303033384446463530437D",
                "data": "Product: Python 3.13.11 Documentation (64-bit) -- Installation completed successfully."
            }
        }
    },
    "location": "EventChannel"
}
{
    "timestamp": "2026-01-14T10:10:05.170+0100",
    "rule": {
        "level": 3,
        "description": "Application installed Python 3.13.11 Documentation (64-bit), 3.13.11150.0, 1033, 0, Python Software Foundation.",
        "id": "60612",
        "firedtimes": 12,
        "mail": false,
        "groups": [
            "windows",
            "windows_application"
        ]
    },
    "agent": {
        "id": "001",
        "name": "av-desktop-home",
        "ip": "100.82.224.100"
    },
    "manager": {
        "name": "rb1"
    },
    "id": "1768381805.199140",
    "decoder": {
        "name": "windows_eventchannel"
    },
    "data": {
        "win": {
            "system": {
                "providerName": "MsiInstaller",
                "eventID": "1033",
                "version": "0",
                "level": "4",
                "task": "0",
                "opcode": "0",
                "keywords": "0x80000000000000",
                "systemTime": "2026-01-14T09:08:35.1791874Z",
                "eventRecordID": "112916",
                "processID": "42408",
                "threadID": "0",
                "channel": "Application",
                "computer": "av-desktop-home",
                "severityValue": "INFORMATION",
                "message": "\"Het product is geïnstalleerd. Productnaam: Python 3.13.11 Documentation (64-bit). Productversie: 3.13.11150.0. Producttaal: 1033. Fabrikant: Python Software Foundation. Status van geslaagde/mislukte installatie: 0.\""
            },
            "eventdata": {
                "binary": "7B44433139393731372D303230312D343031422D383446442D4335303033384446463530437D3030303030626665386462656166623362626332626433346162366433383465646362373030303030393034",
                "data": "Python 3.13.11 Documentation (64-bit), 3.13.11150.0, 1033, 0, Python Software Foundation"
            }
        }
    },
    "location": "EventChannel"
}
{
    "timestamp": "2026-01-14T10:10:05.189+0100",
    "rule": {
        "level": 3,
        "description": "Windows installer began an installation process.",
        "id": "60610",
        "firedtimes": 7,
        "mail": false,
        "groups": [
            "windows",
            "windows_application"
        ]
    },
    "agent": {
        "id": "001",
        "name": "av-desktop-home",
        "ip": "100.82.224.100"
    },
    "manager": {
        "name": "rb1"
    },
    "id": "1768381805.201211",
    "decoder": {
        "name": "windows_eventchannel"
    },
    "data": {
        "win": {
            "system": {
                "providerName": "MsiInstaller",
                "eventID": "1040",
                "version": "0",
                "level": "4",
                "task": "0",
                "opcode": "0",
                "keywords": "0x80000000000000",
                "systemTime": "2026-01-14T09:08:35.2077245Z",
                "eventRecordID": "112918",
                "processID": "42408",
                "threadID": "0",
                "channel": "Application",
                "computer": "av-desktop-home",
                "severityValue": "INFORMATION",
                "message": "\"De volgende Windows Installer-transactie wordt gestart: C:\\Users\\veree\\AppData\\Local\\Package Cache\\{B0F44825-A77F-43E3-97A6-D67C1A780AA4}v3.13.11150.0\\tcltk.msi. Id van clientproces: 47752.\""
            },
            "eventdata": {
                "data": "C:\\\\Users\\\\veree\\\\AppData\\\\Local\\\\Package Cache\\\\{B0F44825-A77F-43E3-97A6-D67C1A780AA4}v3.13.11150.0\\\\tcltk.msi, 47752"
            }
        }
    },
    "location": "EventChannel"
}
{
    "timestamp": "2026-01-14T10:10:05.221+0100",
    "rule": {
        "level": 3,
        "description": "Application installed Product: Python 3.13.11 Tcl/Tk Support (64-bit) -- Installation completed successfully..",
        "id": "60612",
        "firedtimes": 13,
        "mail": false,
        "groups": [
            "windows",
            "windows_application"
        ]
    },
    "agent": {
        "id": "001",
        "name": "av-desktop-home",
        "ip": "100.82.224.100"
    },
    "manager": {
        "name": "rb1"
    },
    "id": "1768381805.202885",
    "decoder": {
        "name": "windows_eventchannel"
    },
    "data": {
        "win": {
            "system": {
                "providerName": "MsiInstaller",
                "eventID": "11707",
                "version": "0",
                "level": "4",
                "task": "0",
                "opcode": "0",
                "keywords": "0x80000000000000",
                "systemTime": "2026-01-14T09:08:50.6045794Z",
                "eventRecordID": "112923",
                "processID": "42408",
                "threadID": "0",
                "channel": "Application",
                "computer": "av-desktop-home",
                "severityValue": "INFORMATION",
                "message": "\"Product: Python 3.13.11 Tcl/Tk Support (64-bit) -- Installation completed successfully.\""
            },
            "eventdata": {
                "binary": "7B42304634343832352D413737462D343345332D393741362D4436374331413738304141347D",
                "data": "Product: Python 3.13.11 Tcl/Tk Support (64-bit) -- Installation completed successfully."
            }
        }
    },
    "location": "EventChannel"
}
{
    "timestamp": "2026-01-14T10:10:05.232+0100",
    "rule": {
        "level": 3,
        "description": "Application installed Python 3.13.11 Tcl/Tk Support (64-bit), 3.13.11150.0, 1033, 0, Python Software Foundation.",
        "id": "60612",
        "firedtimes": 14,
        "mail": false,
        "groups": [
            "windows",
            "windows_application"
        ]
    },
    "agent": {
        "id": "001",
        "name": "av-desktop-home",
        "ip": "100.82.224.100"
    },
    "manager": {
        "name": "rb1"
    },
    "id": "1768381805.204523",
    "decoder": {
        "name": "windows_eventchannel"
    },
    "data": {
        "win": {
            "system": {
                "providerName": "MsiInstaller",
                "eventID": "1033",
                "version": "0",
                "level": "4",
                "task": "0",
                "opcode": "0",
                "keywords": "0x80000000000000",
                "systemTime": "2026-01-14T09:08:50.6049359Z",
                "eventRecordID": "112924",
                "processID": "42408",
                "threadID": "0",
                "channel": "Application",
                "computer": "av-desktop-home",
                "severityValue": "INFORMATION",
                "message": "\"Het product is geïnstalleerd. Productnaam: Python 3.13.11 Tcl/Tk Support (64-bit). Productversie: 3.13.11150.0. Producttaal: 1033. Fabrikant: Python Software Foundation. Status van geslaagde/mislukte installatie: 0.\""
            },
            "eventdata": {
                "binary": "7B42304634343832352D413737462D343345332D393741362D4436374331413738304141347D3030303063356663626462623561376165626634373562333030633539616633393163323030303030393034",
                "data": "Python 3.13.11 Tcl/Tk Support (64-bit), 3.13.11150.0, 1033, 0, Python Software Foundation"
            }
        }
    },
    "location": "EventChannel"
}
{
    "timestamp": "2026-01-14T10:10:05.235+0100",
    "rule": {
        "level": 5,
        "description": "Name resolution for the name _ldap._tcp.dc._msdcs.taildba006.ts.net. timed out",
        "id": "61109",
        "firedtimes": 1,
        "mail": false,
        "groups": [
            "windows",
            "windows_system"
        ]
    },
    "agent": {
        "id": "001",
        "name": "av-desktop-home",
        "ip": "100.82.224.100"
    },
    "manager": {
        "name": "rb1"
    },
    "id": "1768381805.206599",
    "decoder": {
        "name": "windows_eventchannel"
    },
    "data": {
        "win": {
            "system": {
                "providerName": "Microsoft-Windows-DNS-Client",
                "providerGuid": "{1c95126e-7eea-49a9-a3fe-a378b03ddb4d}",
                "eventID": "1014",
                "version": "1",
                "level": "3",
                "task": "1014",
                "opcode": "0",
                "keywords": "0x4000000010000000",
                "systemTime": "2026-01-13T23:15:26.6830987Z",
                "eventRecordID": "105708",
                "processID": "3392",
                "threadID": "16760",
                "channel": "System",
                "computer": "av-desktop-home",
                "severityValue": "WARNING",
                "message": "\"Er is een time-out opgetreden voor de naamomzetting voor de naam _ldap._tcp.dc._msdcs.taildba006.ts.net. nadat geen van de geconfigureerde DNS-servers heeft gereageerd. PID van client 2272.\""
            },
            "eventdata": {
                "queryName": "_ldap._tcp.dc._msdcs.taildba006.ts.net.",
                "addressLength": "128",
                "address": "020000000A020001000000000000000000000000000000000000000000000000000000000000000000000000000000000000000000000000000000000000000000000000000000000000000000000000000000000000000000000000000000000000000000000000000000000000000000000000000000000000000000000000",
                "clientPID": "2272"
            }
        }
    },
    "location": "EventChannel"
}
{
    "timestamp": "2026-01-14T10:10:05.250+0100",
    "rule": {
        "level": 3,
        "description": "Windows installer began an installation process.",
        "id": "60610",
        "firedtimes": 8,
        "mail": false,
        "groups": [
            "windows",
            "windows_application"
        ]
    },
    "agent": {
        "id": "001",
        "name": "av-desktop-home",
        "ip": "100.82.224.100"
    },
    "manager": {
        "name": "rb1"
    },
    "id": "1768381805.208932",
    "decoder": {
        "name": "windows_eventchannel"
    },
    "data": {
        "win": {
            "system": {
                "providerName": "MsiInstaller",
                "eventID": "1040",
                "version": "0",
                "level": "4",
                "task": "0",
                "opcode": "0",
                "keywords": "0x80000000000000",
                "systemTime": "2026-01-14T09:08:50.6333184Z",
                "eventRecordID": "112926",
                "processID": "42408",
                "threadID": "0",
                "channel": "Application",
                "computer": "av-desktop-home",
                "severityValue": "INFORMATION",
                "message": "\"De volgende Windows Installer-transactie wordt gestart: C:\\Users\\veree\\AppData\\Local\\Package Cache\\{CC83B70B-47EA-4C8B-AAEE-AA3A0F882E42}v3.13.11150.0\\launcher.msi. Id van clientproces: 47752.\""
            },
            "eventdata": {
                "data": "C:\\\\Users\\\\veree\\\\AppData\\\\Local\\\\Package Cache\\\\{CC83B70B-47EA-4C8B-AAEE-AA3A0F882E42}v3.13.11150.0\\\\launcher.msi, 47752"
            }
        }
    },
    "location": "EventChannel"
}
{
    "timestamp": "2026-01-14T10:10:05.273+0100",
    "rule": {
        "level": 5,
        "description": "Windows System error event",
        "id": "61102",
        "firedtimes": 3,
        "mail": false,
        "groups": [
            "windows",
            "windows_system",
            "system_error"
        ],
        "gpg13": [
            "4.3"
        ],
        "gdpr": [
            "IV_35.7.d"
        ]
    },
    "agent": {
        "id": "001",
        "name": "av-desktop-home",
        "ip": "100.82.224.100"
    },
    "manager": {
        "name": "rb1"
    },
    "id": "1768381805.210618",
    "decoder": {
        "name": "windows_eventchannel"
    },
    "data": {
        "win": {
            "system": {
                "providerName": "Microsoft-Windows-TPM-WMI",
                "providerGuid": "{7d5387b0-cbe0-11da-a94d-0800200c9a66}",
                "eventID": "1040",
                "version": "0",
                "level": "2",
                "task": "0",
                "opcode": "0",
                "keywords": "0x8000000000000000",
                "systemTime": "2026-01-14T07:55:42.9892053Z",
                "eventRecordID": "105712",
                "processID": "42628",
                "threadID": "39840",
                "channel": "System",
                "computer": "av-desktop-home",
                "severityValue": "ERROR",
                "message": "\"Pre-attestation health checks confirm a critical component has failed, and the device is not expected to pass attestation.\r\n Please see C:\\WINDOWS\\Logs\\MeasuredBoot\\0000000729-0000000016.json for detailed information on what checks were made.\""
            },
            "eventdata": {
                "path": "C:\\\\WINDOWS\\\\Logs\\\\MeasuredBoot\\\\0000000729-0000000016.json"
            }
        }
    },
    "location": "EventChannel"
}
{
    "timestamp": "2026-01-14T10:10:05.284+0100",
    "rule": {
        "level": 3,
        "description": "Application installed Product: Python Launcher -- Installation completed successfully..",
        "id": "60612",
        "firedtimes": 15,
        "mail": false,
        "groups": [
            "windows",
            "windows_application"
        ]
    },
    "agent": {
        "id": "001",
        "name": "av-desktop-home",
        "ip": "100.82.224.100"
    },
    "manager": {
        "name": "rb1"
    },
    "id": "1768381805.212420",
    "decoder": {
        "name": "windows_eventchannel"
    },
    "data": {
        "win": {
            "system": {
                "providerName": "MsiInstaller",
                "eventID": "11707",
                "version": "0",
                "level": "4",
                "task": "0",
                "opcode": "0",
                "keywords": "0x80000000000000",
                "systemTime": "2026-01-14T09:08:51.2282417Z",
                "eventRecordID": "112931",
                "processID": "42408",
                "threadID": "0",
                "channel": "Application",
                "computer": "av-desktop-home",
                "severityValue": "INFORMATION",
                "message": "\"Product: Python Launcher -- Installation completed successfully.\""
            },
            "eventdata": {
                "binary": "7B43433833423730422D343745412D344338422D414145452D4141334130463838324534327D",
                "data": "Product: Python Launcher -- Installation completed successfully."
            }
        }
    },
    "location": "EventChannel"
}
{
    "timestamp": "2026-01-14T10:10:05.293+0100",
    "rule": {
        "level": 3,
        "description": "Application installed Python Launcher, 3.13.11150.0, 1033, 0, Python Software Foundation.",
        "id": "60612",
        "firedtimes": 16,
        "mail": false,
        "groups": [
            "windows",
            "windows_application"
        ]
    },
    "agent": {
        "id": "001",
        "name": "av-desktop-home",
        "ip": "100.82.224.100"
    },
    "manager": {
        "name": "rb1"
    },
    "id": "1768381805.213943",
    "decoder": {
        "name": "windows_eventchannel"
    },
    "data": {
        "win": {
            "system": {
                "providerName": "MsiInstaller",
                "eventID": "1033",
                "version": "0",
                "level": "4",
                "task": "0",
                "opcode": "0",
                "keywords": "0x80000000000000",
                "systemTime": "2026-01-14T09:08:51.2285576Z",
                "eventRecordID": "112932",
                "processID": "42408",
                "threadID": "0",
                "channel": "Application",
                "computer": "av-desktop-home",
                "severityValue": "INFORMATION",
                "message": "\"Het product is geïnstalleerd. Productnaam: Python Launcher. Productversie: 3.13.11150.0. Producttaal: 1033. Fabrikant: Python Software Foundation. Status van geslaagde/mislukte installatie: 0.\""
            },
            "eventdata": {
                "binary": "7B43433833423730422D343745412D344338422D414145452D4141334130463838324534327D3030303062666236666363663530376364333162646232373936373733393631333137313030303030393034",
                "data": "Python Launcher, 3.13.11150.0, 1033, 0, Python Software Foundation"
            }
        }
    },
    "location": "EventChannel"
}
{
    "timestamp": "2026-01-14T10:10:05.309+0100",
    "rule": {
        "level": 3,
        "description": "Windows installer began an installation process.",
        "id": "60610",
        "firedtimes": 9,
        "mail": false,
        "groups": [
            "windows",
            "windows_application"
        ]
    },
    "agent": {
        "id": "001",
        "name": "av-desktop-home",
        "ip": "100.82.224.100"
    },
    "manager": {
        "name": "rb1"
    },
    "id": "1768381805.215904",
    "decoder": {
        "name": "windows_eventchannel"
    },
    "data": {
        "win": {
            "system": {
                "providerName": "MsiInstaller",
                "eventID": "1040",
                "version": "0",
                "level": "4",
                "task": "0",
                "opcode": "0",
                "keywords": "0x80000000000000",
                "systemTime": "2026-01-14T09:08:51.2557668Z",
                "eventRecordID": "112934",
                "processID": "42408",
                "threadID": "0",
                "channel": "Application",
                "computer": "av-desktop-home",
                "severityValue": "INFORMATION",
                "message": "\"De volgende Windows Installer-transactie wordt gestart: C:\\Users\\veree\\AppData\\Local\\Package Cache\\{04823DA9-0163-49FA-8A49-C63A0E6AAF5D}v3.13.11150.0\\pip.msi. Id van clientproces: 47752.\""
            },
            "eventdata": {
                "data": "C:\\\\Users\\\\veree\\\\AppData\\\\Local\\\\Package Cache\\\\{04823DA9-0163-49FA-8A49-C63A0E6AAF5D}v3.13.11150.0\\\\pip.msi, 47752"
            }
        }
    },
    "location": "EventChannel"
}
{
    "timestamp": "2026-01-14T10:10:05.351+0100",
    "rule": {
        "level": 3,
        "description": "Application installed Product: Python 3.13.11 pip Bootstrap (64-bit) -- Installation completed successfully..",
        "id": "60612",
        "firedtimes": 17,
        "mail": false,
        "groups": [
            "windows",
            "windows_application"
        ]
    },
    "agent": {
        "id": "001",
        "name": "av-desktop-home",
        "ip": "100.82.224.100"
    },
    "manager": {
        "name": "rb1"
    },
    "id": "1768381805.217570",
    "decoder": {
        "name": "windows_eventchannel"
    },
    "data": {
        "win": {
            "system": {
                "providerName": "MsiInstaller",
                "eventID": "11707",
                "version": "0",
                "level": "4",
                "task": "0",
                "opcode": "0",
                "keywords": "0x80000000000000",
                "systemTime": "2026-01-14T09:09:00.7724791Z",
                "eventRecordID": "112939",
                "processID": "42408",
                "threadID": "0",
                "channel": "Application",
                "computer": "av-desktop-home",
                "severityValue": "INFORMATION",
                "message": "\"Product: Python 3.13.11 pip Bootstrap (64-bit) -- Installation completed successfully.\""
            },
            "eventdata": {
                "binary": "7B30343832334441392D303136332D343946412D384134392D4336334130453641414635447D",
                "data": "Product: Python 3.13.11 pip Bootstrap (64-bit) -- Installation completed successfully."
            }
        }
    },
    "location": "EventChannel"
}
{
    "timestamp": "2026-01-14T10:10:05.358+0100",
    "rule": {
        "level": 3,
        "description": "Application installed Python 3.13.11 pip Bootstrap (64-bit), 3.13.11150.0, 1033, 0, Python Software Foundation.",
        "id": "60612",
        "firedtimes": 18,
        "mail": false,
        "groups": [
            "windows",
            "windows_application"
        ]
    },
    "agent": {
        "id": "001",
        "name": "av-desktop-home",
        "ip": "100.82.224.100"
    },
    "manager": {
        "name": "rb1"
    },
    "id": "1768381805.219203",
    "decoder": {
        "name": "windows_eventchannel"
    },
    "data": {
        "win": {
            "system": {
                "providerName": "MsiInstaller",
                "eventID": "1033",
                "version": "0",
                "level": "4",
                "task": "0",
                "opcode": "0",
                "keywords": "0x80000000000000",
                "systemTime": "2026-01-14T09:09:00.7728077Z",
                "eventRecordID": "112940",
                "processID": "42408",
                "threadID": "0",
                "channel": "Application",
                "computer": "av-desktop-home",
                "severityValue": "INFORMATION",
                "message": "\"Het product is geïnstalleerd. Productnaam: Python 3.13.11 pip Bootstrap (64-bit). Productversie: 3.13.11150.0. Producttaal: 1033. Fabrikant: Python Software Foundation. Status van geslaagde/mislukte installatie: 0.\""
            },
            "eventdata": {
                "binary": "7B30343832334441392D303136332D343946412D384134392D4336334130453641414635447D3030303032616363373038666464323732623239306636636566376363616662633035363030303030393034",
                "data": "Python 3.13.11 pip Bootstrap (64-bit), 3.13.11150.0, 1033, 0, Python Software Foundation"
            }
        }
    },
    "location": "EventChannel"
}
{
    "timestamp": "2026-01-14T10:10:05.373+0100",
    "rule": {
        "level": 3,
        "description": "Windows installer began an installation process.",
        "id": "60610",
        "firedtimes": 10,
        "mail": false,
        "groups": [
            "windows",
            "windows_application"
        ]
    },
    "agent": {
        "id": "001",
        "name": "av-desktop-home",
        "ip": "100.82.224.100"
    },
    "manager": {
        "name": "rb1"
    },
    "id": "1768381805.221274",
    "decoder": {
        "name": "windows_eventchannel"
    },
    "data": {
        "win": {
            "system": {
                "providerName": "MsiInstaller",
                "eventID": "1040",
                "version": "0",
                "level": "4",
                "task": "0",
                "opcode": "0",
                "keywords": "0x80000000000000",
                "systemTime": "2026-01-14T09:09:00.7986340Z",
                "eventRecordID": "112942",
                "processID": "42408",
                "threadID": "0",
                "channel": "Application",
                "computer": "av-desktop-home",
                "severityValue": "INFORMATION",
                "message": "\"De volgende Windows Installer-transactie wordt gestart: C:\\Users\\veree\\AppData\\Local\\Package Cache\\{581E9094-5701-4E35-8844-C25635044627}v3.13.11150.0\\path.msi. Id van clientproces: 47752.\""
            },
            "eventdata": {
                "data": "C:\\\\Users\\\\veree\\\\AppData\\\\Local\\\\Package Cache\\\\{581E9094-5701-4E35-8844-C25635044627}v3.13.11150.0\\\\path.msi, 47752"
            }
        }
    },
    "location": "EventChannel"
}
