{
    "timestamp": "2026-01-14T10:10:05.412+0100",
    "rule": {
        "level": 3,
        "description": "Application installed Product: Python 3.13.11 Add to Path (64-bit) -- Installation completed successfully..",
        "id": "60612",
        "firedtimes": 19,
        "mail": false,
        "groups": [
            "windows",
            "windows_application"
        ]
    },
    "agent": {
        "id": "001",
        "name": "av-desktop-home",
        "ip": "100.82.224.100"
    },
    "manager": {
        "name": "rb1"
    },
    "id": "1768381805.222944",
    "decoder": {
        "name": "windows_eventchannel"
    },
    "data": {
        "win": {
            "system": {
                "providerName": "MsiInstaller",
                "eventID": "11707",
                "version": "0",
                "level": "4",
                "task": "0",
                "opcode": "0",
                "keywords": "0x80000000000000",
                "systemTime": "2026-01-14T09:09:01.2528813Z",
                "eventRecordID": "112947",
                "processID": "42408",
                "threadID": "0",
                "channel": "Application",
                "computer": "av-desktop-home",
                "severityValue": "INFORMATION",
                "message": "\"Product: Python 3.13.11 Add to Path (64-bit) -- Installation completed successfully.\""
            },
            "eventdata": {
                "binary": "7B35383145393039342D353730312D344533352D383834342D4332353633353034343632377D",
                "data": "Product: Python 3.13.11 Add to Path (64-bit) -- Installation completed successfully."
            }
        }
    },
    "location": "EventChannel"
}
{
    "timestamp": "2026-01-14T10:10:05.420+0100",
    "rule": {
        "level": 3,
        "description": "Application installed Python 3.13.11 Add to Path (64-bit), 3.13.11150.0, 1033, 0, Python Software Foundation.",
        "id": "60612",
        "firedtimes": 20,
        "mail": false,
        "groups": [
            "windows",
            "windows_application"
        ]
    },
    "agent": {
        "id": "001",
        "name": "av-desktop-home",
        "ip": "100.82.224.100"
    },
    "manager": {
        "name": "rb1"
    },
    "id": "1768381805.224567",
    "decoder": {
        "name": "windows_eventchannel"
    },
    "data": {
        "win": {
            "system": {
                "providerName": "MsiInstaller",
                "eventID": "1033",
                "version": "0",
                "level": "4",
                "task": "0",
                "opcode": "0",
                "keywords": "0x80000000000000",
                "systemTime": "2026-01-14T09:09:01.2532003Z",
                "eventRecordID": "112948",
                "processID": "42408",
                "threadID": "0",
                "channel": "Application",
                "computer": "av-desktop-home",
                "severityValue": "INFORMATION",
                "message": "\"Het product is geïnstalleerd. Productnaam: Python 3.13.11 Add to Path (64-bit). Productversie: 3.13.11150.0. Producttaal: 1033. Fabrikant: Python Software Foundation. Status van geslaagde/mislukte installatie: 0.\""
            },
            "eventdata": {
                "binary": "7B35383145393039342D353730312D344533352D383834342D4332353633353034343632377D3030303032643632376365663765323462623936396266666261373365366634303261643030303030393034",
                "data": "Python 3.13.11 Add to Path (64-bit), 3.13.11150.0, 1033, 0, Python Software Foundation"
            }
        }
    },
    "location": "EventChannel"
}
{
    "timestamp": "2026-01-14T10:10:05.429+0100",
    "rule": {
        "level": 5,
        "description": "New Windows Service Created",
        "id": "61138",
        "mitre": {
            "id": [
                "T1543.003"
            ],
            "tactic": [
                "Persistence",
                "Privilege Escalation"
            ],
            "technique": [
                "Windows Service"
            ]
        },
        "firedtimes": 1,
        "mail": false,
        "groups": [
            "windows",
            "windows_system"
        ]
    },
    "agent": {
        "id": "001",
        "name": "av-desktop-home",
        "ip": "100.82.224.100"
    },
    "manager": {
        "name": "rb1"
    },
    "id": "1768381805.226628",
    "decoder": {
        "name": "windows_eventchannel"
    },
    "data": {
        "win": {
            "system": {
                "providerName": "Service Control Manager",
                "providerGuid": "{555908d1-a6d7-4695-8e1e-26931d2012f4}",
                "eventSourceName": "Service Control Manager",
                "eventID": "7045",
                "version": "0",
                "level": "4",
                "task": "0",
                "opcode": "0",
                "keywords": "0x8080000000000000",
                "systemTime": "2026-01-14T07:55:48.0997618Z",
                "eventRecordID": "105732",
                "processID": "1936",
                "threadID": "29400",
                "channel": "System",
                "computer": "av-desktop-home",
                "severityValue": "INFORMATION",
                "message": "\"Er is een service geïnstalleerd.\r\n\r\nServicenaam:  NTIOLib_CC_COMM\r\nNaam servicebestand:  C:\\Program Files (x86)\\MSI\\MSI Center\\Lib\\SYS\\NTIOLib_X64.sys\r\nServicetype:  stuurprogramma voor kernelmodus\r\nStarttype van service:  starten op aanvraag\r\nServiceaccount:  \""
            },
            "eventdata": {
                "serviceName": "NTIOLib_CC_COMM",
                "imagePath": "C:\\\\Program Files (x86)\\\\MSI\\\\MSI Center\\\\Lib\\\\SYS\\\\NTIOLib_X64.sys",
                "serviceType": "stuurprogramma voor kernelmodus",
                "startType": "starten op aanvraag"
            }
        }
    },
    "location": "EventChannel"
}
{
    "timestamp": "2026-01-14T10:10:05.456+0100",
    "rule": {
        "level": 5,
        "description": "New Windows Service Created",
        "id": "61138",
        "mitre": {
            "id": [
                "T1543.003"
            ],
            "tactic": [
                "Persistence",
                "Privilege Escalation"
            ],
            "technique": [
                "Windows Service"
            ]
        },
        "firedtimes": 2,
        "mail": false,
        "groups": [
            "windows",
            "windows_system"
        ]
    },
    "agent": {
        "id": "001",
        "name": "av-desktop-home",
        "ip": "100.82.224.100"
    },
    "manager": {
        "name": "rb1"
    },
    "id": "1768381805.228838",
    "decoder": {
        "name": "windows_eventchannel"
    },
    "data": {
        "win": {
            "system": {
                "providerName": "Service Control Manager",
                "providerGuid": "{555908d1-a6d7-4695-8e1e-26931d2012f4}",
                "eventSourceName": "Service Control Manager",
                "eventID": "7045",
                "version": "0",
                "level": "4",
                "task": "0",
                "opcode": "0",
                "keywords": "0x8080000000000000",
                "systemTime": "2026-01-14T07:55:49.2459962Z",
                "eventRecordID": "105737",
                "processID": "1936",
                "threadID": "28772",
                "channel": "System",
                "computer": "av-desktop-home",
                "severityValue": "INFORMATION",
                "message": "\"Er is een service geïnstalleerd.\r\n\r\nServicenaam:  NTIOLib_CC_COMM\r\nNaam servicebestand:  C:\\Program Files (x86)\\MSI\\MSI Center\\Lib\\SYS\\NTIOLib_X64.sys\r\nServicetype:  stuurprogramma voor kernelmodus\r\nStarttype van service:  starten op aanvraag\r\nServiceaccount:  \""
            },
            "eventdata": {
                "serviceName": "NTIOLib_CC_COMM",
                "imagePath": "C:\\\\Program Files (x86)\\\\MSI\\\\MSI Center\\\\Lib\\\\SYS\\\\NTIOLib_X64.sys",
                "serviceType": "stuurprogramma voor kernelmodus",
                "startType": "starten op aanvraag"
            }
        }
    },
    "location": "EventChannel"
}
{
    "timestamp": "2026-01-14T10:10:05.474+0100",
    "rule": {
        "level": 5,
        "description": "New Windows Service Created",
        "id": "61138",
        "mitre": {
            "id": [
                "T1543.003"
            ],
            "tactic": [
                "Persistence",
                "Privilege Escalation"
            ],
            "technique": [
                "Windows Service"
            ]
        },
        "firedtimes": 3,
        "mail": false,
        "groups": [
            "windows",
            "windows_system"
        ]
    },
    "agent": {
        "id": "001",
        "name": "av-desktop-home",
        "ip": "100.82.224.100"
    },
    "manager": {
        "name": "rb1"
    },
    "id": "1768381805.231048",
    "decoder": {
        "name": "windows_eventchannel"
    },
    "data": {
        "win": {
            "system": {
                "providerName": "Service Control Manager",
                "providerGuid": "{555908d1-a6d7-4695-8e1e-26931d2012f4}",
                "eventSourceName": "Service Control Manager",
                "eventID": "7045",
                "version": "0",
                "level": "4",
                "task": "0",
                "opcode": "0",
                "keywords": "0x8080000000000000",
                "systemTime": "2026-01-14T07:55:54.5909103Z",
                "eventRecordID": "105741",
                "processID": "1936",
                "threadID": "28772",
                "channel": "System",
                "computer": "av-desktop-home",
                "severityValue": "INFORMATION",
                "message": "\"Er is een service geïnstalleerd.\r\n\r\nServicenaam:  GENERICDRV\r\nNaam servicebestand:  C:\\Program Files (x86)\\MSI\\MSI Center\\Lib\\SCEWIN\\5.05.01.0002\\amigendrv64.sys\r\nServicetype:  stuurprogramma voor kernelmodus\r\nStarttype van service:  starten op aanvraag\r\nServiceaccount:  \""
            },
            "eventdata": {
                "serviceName": "GENERICDRV",
                "imagePath": "C:\\\\Program Files (x86)\\\\MSI\\\\MSI Center\\\\Lib\\\\SCEWIN\\\\5.05.01.0002\\\\amigendrv64.sys",
                "serviceType": "stuurprogramma voor kernelmodus",
                "startType": "starten op aanvraag"
            }
        }
    },
    "location": "EventChannel"
}
{
    "timestamp": "2026-01-14T10:10:05.684+0100",
    "rule": {
        "level": 8,
        "description": "User account changed",
        "id": "60110",
        "mitre": {
            "id": [
                "T1098"
            ],
            "tactic": [
                "Persistence"
            ],
            "technique": [
                "Account Manipulation"
            ]
        },
        "firedtimes": 2,
        "mail": false,
        "groups": [
            "windows",
            "windows_security",
            "account_changed"
        ],
        "pci_dss": [
            "8.1.2",
            "10.2.5"
        ],
        "gpg13": [
            "7.10"
        ],
        "gdpr": [
            "IV_35.7.d",
            "IV_32.2"
        ],
        "hipaa": [
            "164.312.a.2.I",
            "164.312.a.2.II",
            "164.312.b"
        ],
        "nist_800_53": [
            "AC.2",
            "IA.4",
            "AU.14",
            "AC.7"
        ],
        "tsc": [
            "CC6.8",
            "CC7.2",
            "CC7.3"
        ]
    },
    "agent": {
        "id": "001",
        "name": "av-desktop-home",
        "ip": "100.82.224.100"
    },
    "manager": {
        "name": "rb1"
    },
    "id": "1768381805.233307",
    "decoder": {
        "name": "windows_eventchannel"
    },
    "data": {
        "win": {
            "system": {
                "providerName": "Microsoft-Windows-Security-Auditing",
                "providerGuid": "{54849625-5478-4994-a5ba-3e3b0328c30d}",
                "eventID": "4738",
                "version": "0",
                "level": "0",
                "task": "13824",
                "opcode": "0",
                "keywords": "0x8020000000000000",
                "systemTime": "2026-01-14T07:56:21.7289969Z",
                "eventRecordID": "2880580",
                "processID": "1988",
                "threadID": "13636",
                "channel": "Security",
                "computer": "av-desktop-home",
                "severityValue": "AUDIT_SUCCESS",
                "message": "\"Er is een gebruikersaccount gewijzigd.\r\n\r\nOnderwerp:\r\n\tBeveiligings-id:\t\tS-1-5-18\r\n\tAccountnaam:\t\tAV-DESKTOP-HOME$\r\n\tAccountdomein:\t\tWORKGROUP\r\n\tAanmeldings-id:\t\t0x3E7\r\n\r\nDoelaccount:\r\n\tBeveiligings-id:\t\tS-1-5-21-3921402769-3534629334-1819278871-1001\r\n\tAccountnaam:\t\tveree\r\n\tAccountdomein:\t\tAV-DESKTOP-HOME\r\n\r\nGewijzigde kenmerken:\r\n\tSAM-accountnaam:\t-\r\n\tWeergavenaam:\t\tAntoon Vereecken\r\n\tPrincipal-naam van gebruiker:\t-\r\n\tBasismap:\t\t-\r\n\tBasisstation:\t\t-\r\n\tPad naar script:\t\t-\r\n\tPad naar profiel:\t\t-\r\n\tGebruikerswerkstations:\t-\r\n\tWachtwoord voor het laatst ingesteld:\t-\r\n\tAccount verloopt op:\t\t-\r\n\tPrimaire groeps-id:\t-\r\n\tMag overdragen aan:\t-\r\n\tOude UAC-waarde:\t\t-\r\n\tNieuwe UAC-waarde:\t\t-\r\n\tGebruikersaccountbeheer:\t-\r\n\tGebruikersparameters:\t-\r\n\tSID-geschiedenis:\t\t-\r\n\tAantal uren aangemeld:\t\t-\r\n\r\nAanvullende gegevens:\r\n\tBevoegdheden:\t\t-\""
            },
            "eventdata": {
                "targetUserName": "veree",
                "targetDomainName": "AV-DESKTOP-HOME",
                "targetSid": "S-1-5-21-3921402769-3534629334-1819278871-1001",
                "subjectUserSid": "S-1-5-18",
                "subjectUserName": "AV-DESKTOP-HOME$",
                "subjectDomainName": "WORKGROUP",
                "subjectLogonId": "0x3e7",
                "displayName": "Antoon Vereecken"
            }
        }
    },
    "location": "EventChannel"
}
{
    "timestamp": "2026-01-14T10:10:05.689+0100",
    "rule": {
        "level": 3,
        "description": "Non network or service local logon.",
        "id": "67022",
        "firedtimes": 6,
        "mail": false,
        "groups": [
            "windows",
            " WEF"
        ]
    },
    "agent": {
        "id": "001",
        "name": "av-desktop-home",
        "ip": "100.82.224.100"
    },
    "manager": {
        "name": "rb1"
    },
    "id": "1768381805.237168",
    "decoder": {
        "name": "windows_eventchannel"
    },
    "data": {
        "win": {
            "system": {
                "providerName": "Microsoft-Windows-Security-Auditing",
                "providerGuid": "{54849625-5478-4994-a5ba-3e3b0328c30d}",
                "eventID": "4624",
                "version": "3",
                "level": "0",
                "task": "12544",
                "opcode": "0",
                "keywords": "0x8020000000000000",
                "systemTime": "2026-01-14T07:56:21.7318712Z",
                "eventRecordID": "2880582",
                "processID": "1988",
                "threadID": "13636",
                "channel": "Security",
                "computer": "av-desktop-home",
                "severityValue": "AUDIT_SUCCESS",
                "message": "\"Er is een account aangemeld.\r\n\r\nOnderwerp:\r\n\tBeveiligings-id:\t\tS-1-5-18\r\n\tAccountnaam:\t\tAV-DESKTOP-HOME$\r\n\tAccountdomein:\t\tWORKGROUP\r\n\tAanmeldings-id:\t\t0x3E7\r\n\r\nAanloggegevens:\r\n\tAanmeldingstype:\t\t11\r\n\tBeperkte beheermodus:\t-\r\n\tExterne Credential Guard:\t-\r\n\tVirtueel account:\t\tNee\r\n\tVerhoogd token:\t\tJa\r\n\r\nImpersonatieniveau:\t\tImitatie\r\n\r\nNieuwe aanmelding:\r\n\tBeveiligings-id:\t\tS-1-5-21-3921402769-3534629334-1819278871-1001\r\n\tAccountnaam:\t\tvereecken.antoon@hotmail.com\r\n\tAccountdomein:\t\tMicrosoftAccount\r\n\tAanmeldings-id:\t\t0x237197E6\r\n\tGekoppelde aanmeldings-id:\t\t0x23719848\r\n\tNetwerkaccountnaam:\t-\r\n\tNetwerkaccountdomein:\t-\r\n\tAanmeldings-GUID:\t\t{00000000-0000-0000-0000-000000000000}\r\n\r\nProcesgegevens:\r\n\tProces-id:\t\t0xb58\r\n\tProcesnaam:\t\tC:\\Windows\\System32\\svchost.exe\r\n\r\nNetwerkgegevens:\r\n\tWerkstationnaam:\tAV-DESKTOP-HOME\r\n\tBronnetwerkadres:\t127.0.0.1\r\n\tBronpoort:\t\t0\r\n\r\nGedetaileerde verificatiegegevens:\r\n\tAanmeldingsproces:\t\tUser32 \r\n\tAuthenticatiepakket:\tNegotiate\r\n\tDoorgezette services:\t-\r\n\tPakketnaam (alleen NTLM):\t-\r\n\tSleutellengte:\t\t0\r\n\r\nDeze gebeurtenis wordt gegenereerd wanneer een aanmeldingssessie wordt gemaakt. De gebeurtenis wordt gegenereerd op de computer waartoe toegang is verkregen.\r\n\r\nDe onderwerpvelden geven het account aan op het lokale systeem dat de aanmelding heeft aangevraagd. Dit is meestal een service zoals de Server-service of een lokaal proces zoals Winlogon.exe of Services.exe.\r\n\r\nHet veld aanmeldingstype geeft het soort aanmelding aan die plaatsvond. De meestvoorkomende typen zijn 2 (interactief) en 3 (netwerk).\r\n\r\nDe velden Nieuwe aanmelding geven het account aan voor wie de nieuwe aanmelding is gemaakt, dat is het account dat is aangemeld.\r\n\r\nDe netwerkvelden geven aan waar een externe aanmeldingsaanvraag vandaan komt. De naam van het werkstation is niet altijd beschikbaar en kan in sommige gevallen leeg zijn.\r\n\r\nHet veld imitatieniveau geeft aan in hoeverre een proces in de aanmeldingssessie kan worden geïmiteerd.\r\n\r\nDe velden met verificatiegegevens bieden gedetailleerde informatie over deze specifieke aanmeldingsaanvraag.\r\n\t- De aanmeldings-GUID is een unieke id die kan worden gebruikt om deze gebeurtenis te correleren met een KDC-gebeurtenis.\r\n\t- Doorgezette services geven aan welke tussenliggende services hebben deelgenomen aan deze aanmeldingsaanvraag.\r\n\t- Pakketnaam geeft aan welk subprotocol van de NTLM-protocollen is gebruikt.\r\n\t- Sleutellengte geeft de lengte van de gegenereerde sessiesleutel aan. Dit is 0 als er geen sessiesleutel is aangevraagd.\""
            },
            "eventdata": {
                "subjectUserSid": "S-1-5-18",
                "subjectUserName": "AV-DESKTOP-HOME$",
                "subjectDomainName": "WORKGROUP",
                "subjectLogonId": "0x3e7",
                "targetUserSid": "S-1-5-21-3921402769-3534629334-1819278871-1001",
                "targetUserName": "vereecken.antoon@hotmail.com",
                "targetDomainName": "MicrosoftAccount",
                "targetLogonId": "0x237197e6",
                "logonType": "11",
                "logonProcessName": "User32",
                "authenticationPackageName": "Negotiate",
                "workstationName": "AV-DESKTOP-HOME",
                "logonGuid": "{00000000-0000-0000-0000-000000000000}",
                "keyLength": "0",
                "processId": "0xb58",
                "processName": "C:\\\\Windows\\\\System32\\\\svchost.exe",
                "ipAddress": "127.0.0.1",
                "ipPort": "0",
                "impersonationLevel": "%%1833",
                "virtualAccount": "%%1843",
                "targetLinkedLogonId": "0x23719848",
                "elevatedToken": "%%1842"
            }
        }
    },
    "location": "EventChannel"
}
{
    "timestamp": "2026-01-14T10:10:05.692+0100",
    "rule": {
        "level": 3,
        "description": "Non network or service local logon.",
        "id": "67022",
        "firedtimes": 7,
        "mail": false,
        "groups": [
            "windows",
            " WEF"
        ]
    },
    "agent": {
        "id": "001",
        "name": "av-desktop-home",
        "ip": "100.82.224.100"
    },
    "manager": {
        "name": "rb1"
    },
    "id": "1768381805.245262",
    "decoder": {
        "name": "windows_eventchannel"
    },
    "data": {
        "win": {
            "system": {
                "providerName": "Microsoft-Windows-Security-Auditing",
                "providerGuid": "{54849625-5478-4994-a5ba-3e3b0328c30d}",
                "eventID": "4624",
                "version": "3",
                "level": "0",
                "task": "12544",
                "opcode": "0",
                "keywords": "0x8020000000000000",
                "systemTime": "2026-01-14T07:56:21.7318846Z",
                "eventRecordID": "2880583",
                "processID": "1988",
                "threadID": "13636",
                "channel": "Security",
                "computer": "av-desktop-home",
                "severityValue": "AUDIT_SUCCESS",
                "message": "\"Er is een account aangemeld.\r\n\r\nOnderwerp:\r\n\tBeveiligings-id:\t\tS-1-5-18\r\n\tAccountnaam:\t\tAV-DESKTOP-HOME$\r\n\tAccountdomein:\t\tWORKGROUP\r\n\tAanmeldings-id:\t\t0x3E7\r\n\r\nAanloggegevens:\r\n\tAanmeldingstype:\t\t11\r\n\tBeperkte beheermodus:\t-\r\n\tExterne Credential Guard:\t-\r\n\tVirtueel account:\t\tNee\r\n\tVerhoogd token:\t\tNee\r\n\r\nImpersonatieniveau:\t\tImitatie\r\n\r\nNieuwe aanmelding:\r\n\tBeveiligings-id:\t\tS-1-5-21-3921402769-3534629334-1819278871-1001\r\n\tAccountnaam:\t\tvereecken.antoon@hotmail.com\r\n\tAccountdomein:\t\tMicrosoftAccount\r\n\tAanmeldings-id:\t\t0x23719848\r\n\tGekoppelde aanmeldings-id:\t\t0x237197E6\r\n\tNetwerkaccountnaam:\t-\r\n\tNetwerkaccountdomein:\t-\r\n\tAanmeldings-GUID:\t\t{00000000-0000-0000-0000-000000000000}\r\n\r\nProcesgegevens:\r\n\tProces-id:\t\t0xb58\r\n\tProcesnaam:\t\tC:\\Windows\\System32\\svchost.exe\r\n\r\nNetwerkgegevens:\r\n\tWerkstationnaam:\tAV-DESKTOP-HOME\r\n\tBronnetwerkadres:\t127.0.0.1\r\n\tBronpoort:\t\t0\r\n\r\nGedetaileerde verificatiegegevens:\r\n\tAanmeldingsproces:\t\tUser32 \r\n\tAuthenticatiepakket:\tNegotiate\r\n\tDoorgezette services:\t-\r\n\tPakketnaam (alleen NTLM):\t-\r\n\tSleutellengte:\t\t0\r\n\r\nDeze gebeurtenis wordt gegenereerd wanneer een aanmeldingssessie wordt gemaakt. De gebeurtenis wordt gegenereerd op de computer waartoe toegang is verkregen.\r\n\r\nDe onderwerpvelden geven het account aan op het lokale systeem dat de aanmelding heeft aangevraagd. Dit is meestal een service zoals de Server-service of een lokaal proces zoals Winlogon.exe of Services.exe.\r\n\r\nHet veld aanmeldingstype geeft het soort aanmelding aan die plaatsvond. De meestvoorkomende typen zijn 2 (interactief) en 3 (netwerk).\r\n\r\nDe velden Nieuwe aanmelding geven het account aan voor wie de nieuwe aanmelding is gemaakt, dat is het account dat is aangemeld.\r\n\r\nDe netwerkvelden geven aan waar een externe aanmeldingsaanvraag vandaan komt. De naam van het werkstation is niet altijd beschikbaar en kan in sommige gevallen leeg zijn.\r\n\r\nHet veld imitatieniveau geeft aan in hoeverre een proces in de aanmeldingssessie kan worden geïmiteerd.\r\n\r\nDe velden met verificatiegegevens bieden gedetailleerde informatie over deze specifieke aanmeldingsaanvraag.\r\n\t- De aanmeldings-GUID is een unieke id die kan worden gebruikt om deze gebeurtenis te correleren met een KDC-gebeurtenis.\r\n\t- Doorgezette services geven aan welke tussenliggende services hebben deelgenomen aan deze aanmeldingsaanvraag.\r\n\t- Pakketnaam geeft aan welk subprotocol van de NTLM-protocollen is gebruikt.\r\n\t- Sleutellengte geeft de lengte van de gegenereerde sessiesleutel aan. Dit is 0 als er geen sessiesleutel is aangevraagd.\""
            },
            "eventdata": {
                "subjectUserSid": "S-1-5-18",
                "subjectUserName": "AV-DESKTOP-HOME$",
                "subjectDomainName": "WORKGROUP",
                "subjectLogonId": "0x3e7",
                "targetUserSid": "S-1-5-21-3921402769-3534629334-1819278871-1001",
                "targetUserName": "vereecken.antoon@hotmail.com",
                "targetDomainName": "MicrosoftAccount",
                "targetLogonId": "0x23719848",
                "logonType": "11",
                "logonProcessName": "User32",
                "authenticationPackageName": "Negotiate",
                "workstationName": "AV-DESKTOP-HOME",
                "logonGuid": "{00000000-0000-0000-0000-000000000000}",
                "keyLength": "0",
                "processId": "0xb58",
                "processName": "C:\\\\Windows\\\\System32\\\\svchost.exe",
                "ipAddress": "127.0.0.1",
                "ipPort": "0",
                "impersonationLevel": "%%1833",
                "virtualAccount": "%%1843",
                "targetLinkedLogonId": "0x237197e6",
                "elevatedToken": "%%1843"
            }
        }
    },
    "location": "EventChannel"
}
{
    "timestamp": "2026-01-14T10:10:05.695+0100",
    "rule": {
        "level": 3,
        "description": "Special privileges assigned to new logon.",
        "id": "67028",
        "mitre": {
            "id": [
                "T1484"
            ],
            "tactic": [
                "Defense Evasion",
                "Privilege Escalation"
            ],
            "technique": [
                "Domain Policy Modification"
            ]
        },
        "firedtimes": 4,
        "mail": false,
        "groups": [
            "windows",
            " WEF"
        ]
    },
    "agent": {
        "id": "001",
        "name": "av-desktop-home",
        "ip": "100.82.224.100"
    },
    "manager": {
        "name": "rb1"
    },
    "id": "1768381805.253358",
    "decoder": {
        "name": "windows_eventchannel"
    },
    "data": {
        "win": {
            "system": {
                "providerName": "Microsoft-Windows-Security-Auditing",
                "providerGuid": "{54849625-5478-4994-a5ba-3e3b0328c30d}",
                "eventID": "4672",
                "version": "0",
                "level": "0",
                "task": "12548",
                "opcode": "0",
                "keywords": "0x8020000000000000",
                "systemTime": "2026-01-14T07:56:21.7318887Z",
                "eventRecordID": "2880584",
                "processID": "1988",
                "threadID": "13636",
                "channel": "Security",
                "computer": "av-desktop-home",
                "severityValue": "AUDIT_SUCCESS",
                "message": "\"Speciale bevoegdheden toegewezen aan nieuwe aanmelding.\r\n\r\nOnderwerp:\r\n\tBeveiligings-id:\t\tS-1-5-21-3921402769-3534629334-1819278871-1001\r\n\tAccountnaam:\t\tvereecken.antoon@hotmail.com\r\n\tAccountdomein:\t\tMicrosoftAccount\r\n\tAanmeldings-id:\t\t0x237197E6\r\n\r\nBevoegdheden:\t\tSeSecurityPrivilege\r\n\t\t\tSeTakeOwnershipPrivilege\r\n\t\t\tSeLoadDriverPrivilege\r\n\t\t\tSeBackupPrivilege\r\n\t\t\tSeRestorePrivilege\r\n\t\t\tSeDebugPrivilege\r\n\t\t\tSeSystemEnvironmentPrivilege\r\n\t\t\tSeImpersonatePrivilege\r\n\t\t\tSeDelegateSessionUserImpersonatePrivilege\""
            },
            "eventdata": {
                "subjectUserSid": "S-1-5-21-3921402769-3534629334-1819278871-1001",
                "subjectUserName": "vereecken.antoon@hotmail.com",
                "subjectDomainName": "MicrosoftAccount",
                "subjectLogonId": "0x237197e6",
                "privilegeList": "SeSecurityPrivilege     SeTakeOwnershipPrivilege     SeLoadDriverPrivilege     SeBackupPrivilege     SeRestorePrivilege     SeDebugPrivilege     SeSystemEnvironmentPrivilege     SeImpersonatePrivilege     SeDelegateSessionUserImpersonatePrivilege"
            }
        }
    },
    "location": "EventChannel"
}
{
    "timestamp": "2026-01-14T10:10:05.708+0100",
    "rule": {
        "level": 8,
        "description": "User account changed",
        "id": "60110",
        "mitre": {
            "id": [
                "T1098"
            ],
            "tactic": [
                "Persistence"
            ],
            "technique": [
                "Account Manipulation"
            ]
        },
        "firedtimes": 3,
        "mail": false,
        "groups": [
            "windows",
            "windows_security",
            "account_changed"
        ],
        "pci_dss": [
            "8.1.2",
            "10.2.5"
        ],
        "gpg13": [
            "7.10"
        ],
        "gdpr": [
            "IV_35.7.d",
            "IV_32.2"
        ],
        "hipaa": [
            "164.312.a.2.I",
            "164.312.a.2.II",
            "164.312.b"
        ],
        "nist_800_53": [
            "AC.2",
            "IA.4",
            "AU.14",
            "AC.7"
        ],
        "tsc": [
            "CC6.8",
            "CC7.2",
            "CC7.3"
        ]
    },
    "agent": {
        "id": "001",
        "name": "av-desktop-home",
        "ip": "100.82.224.100"
    },
    "manager": {
        "name": "rb1"
    },
    "id": "1768381805.256572",
    "decoder": {
        "name": "windows_eventchannel"
    },
    "data": {
        "win": {
            "system": {
                "providerName": "Microsoft-Windows-Security-Auditing",
                "providerGuid": "{54849625-5478-4994-a5ba-3e3b0328c30d}",
                "eventID": "4738",
                "version": "0",
                "level": "0",
                "task": "13824",
                "opcode": "0",
                "keywords": "0x8020000000000000",
                "systemTime": "2026-01-14T07:56:21.7623091Z",
                "eventRecordID": "2880589",
                "processID": "1988",
                "threadID": "40552",
                "channel": "Security",
                "computer": "av-desktop-home",
                "severityValue": "AUDIT_SUCCESS",
                "message": "\"Er is een gebruikersaccount gewijzigd.\r\n\r\nOnderwerp:\r\n\tBeveiligings-id:\t\tS-1-5-18\r\n\tAccountnaam:\t\tAV-DESKTOP-HOME$\r\n\tAccountdomein:\t\tWORKGROUP\r\n\tAanmeldings-id:\t\t0x3E7\r\n\r\nDoelaccount:\r\n\tBeveiligings-id:\t\tS-1-5-21-3921402769-3534629334-1819278871-1001\r\n\tAccountnaam:\t\tveree\r\n\tAccountdomein:\t\tAV-DESKTOP-HOME\r\n\r\nGewijzigde kenmerken:\r\n\tSAM-accountnaam:\t-\r\n\tWeergavenaam:\t\tAntoon Vereecken\r\n\tPrincipal-naam van gebruiker:\t-\r\n\tBasismap:\t\t-\r\n\tBasisstation:\t\t-\r\n\tPad naar script:\t\t-\r\n\tPad naar profiel:\t\t-\r\n\tGebruikerswerkstations:\t-\r\n\tWachtwoord voor het laatst ingesteld:\t-\r\n\tAccount verloopt op:\t\t-\r\n\tPrimaire groeps-id:\t-\r\n\tMag overdragen aan:\t-\r\n\tOude UAC-waarde:\t\t-\r\n\tNieuwe UAC-waarde:\t\t-\r\n\tGebruikersaccountbeheer:\t-\r\n\tGebruikersparameters:\t-\r\n\tSID-geschiedenis:\t\t-\r\n\tAantal uren aangemeld:\t\t-\r\n\r\nAanvullende gegevens:\r\n\tBevoegdheden:\t\t-\""
            },
            "eventdata": {
                "targetUserName": "veree",
                "targetDomainName": "AV-DESKTOP-HOME",
                "targetSid": "S-1-5-21-3921402769-3534629334-1819278871-1001",
                "subjectUserSid": "S-1-5-18",
                "subjectUserName": "AV-DESKTOP-HOME$",
                "subjectDomainName": "WORKGROUP",
                "subjectLogonId": "0x3e7",
                "displayName": "Antoon Vereecken"
            }
        }
    },
    "location": "EventChannel"
}
{
    "timestamp": "2026-01-14T10:10:05.711+0100",
    "rule": {
        "level": 3,
        "description": "Non network or service local logon.",
        "id": "67022",
        "firedtimes": 8,
        "mail": false,
        "groups": [
            "windows",
            " WEF"
        ]
    },
    "agent": {
        "id": "001",
        "name": "av-desktop-home",
        "ip": "100.82.224.100"
    },
    "manager": {
        "name": "rb1"
    },
    "id": "1768381805.260433",
    "decoder": {
        "name": "windows_eventchannel"
    },
    "data": {
        "win": {
            "system": {
                "providerName": "Microsoft-Windows-Security-Auditing",
                "providerGuid": "{54849625-5478-4994-a5ba-3e3b0328c30d}",
                "eventID": "4624",
                "version": "3",
                "level": "0",
                "task": "12544",
                "opcode": "0",
                "keywords": "0x8020000000000000",
                "systemTime": "2026-01-14T07:56:21.7688390Z",
                "eventRecordID": "2880591",
                "processID": "1988",
                "threadID": "40552",
                "channel": "Security",
                "computer": "av-desktop-home",
                "severityValue": "AUDIT_SUCCESS",
                "message": "\"Er is een account aangemeld.\r\n\r\nOnderwerp:\r\n\tBeveiligings-id:\t\tS-1-5-18\r\n\tAccountnaam:\t\tAV-DESKTOP-HOME$\r\n\tAccountdomein:\t\tWORKGROUP\r\n\tAanmeldings-id:\t\t0x3E7\r\n\r\nAanloggegevens:\r\n\tAanmeldingstype:\t\t7\r\n\tBeperkte beheermodus:\t-\r\n\tExterne Credential Guard:\t-\r\n\tVirtueel account:\t\tNee\r\n\tVerhoogd token:\t\tJa\r\n\r\nImpersonatieniveau:\t\tImitatie\r\n\r\nNieuwe aanmelding:\r\n\tBeveiligings-id:\t\tS-1-5-21-3921402769-3534629334-1819278871-1001\r\n\tAccountnaam:\t\tvereecken.antoon@hotmail.com\r\n\tAccountdomein:\t\tMicrosoftAccount\r\n\tAanmeldings-id:\t\t0x2371AB5E\r\n\tGekoppelde aanmeldings-id:\t\t0x2371ADA9\r\n\tNetwerkaccountnaam:\t-\r\n\tNetwerkaccountdomein:\t-\r\n\tAanmeldings-GUID:\t\t{00000000-0000-0000-0000-000000000000}\r\n\r\nProcesgegevens:\r\n\tProces-id:\t\t0x7c4\r\n\tProcesnaam:\t\tC:\\Windows\\System32\\lsass.exe\r\n\r\nNetwerkgegevens:\r\n\tWerkstationnaam:\tAV-DESKTOP-HOME\r\n\tBronnetwerkadres:\t-\r\n\tBronpoort:\t\t-\r\n\r\nGedetaileerde verificatiegegevens:\r\n\tAanmeldingsproces:\t\tNegotiat\r\n\tAuthenticatiepakket:\tNegotiate\r\n\tDoorgezette services:\t-\r\n\tPakketnaam (alleen NTLM):\t-\r\n\tSleutellengte:\t\t0\r\n\r\nDeze gebeurtenis wordt gegenereerd wanneer een aanmeldingssessie wordt gemaakt. De gebeurtenis wordt gegenereerd op de computer waartoe toegang is verkregen.\r\n\r\nDe onderwerpvelden geven het account aan op het lokale systeem dat de aanmelding heeft aangevraagd. Dit is meestal een service zoals de Server-service of een lokaal proces zoals Winlogon.exe of Services.exe.\r\n\r\nHet veld aanmeldingstype geeft het soort aanmelding aan die plaatsvond. De meestvoorkomende typen zijn 2 (interactief) en 3 (netwerk).\r\n\r\nDe velden Nieuwe aanmelding geven het account aan voor wie de nieuwe aanmelding is gemaakt, dat is het account dat is aangemeld.\r\n\r\nDe netwerkvelden geven aan waar een externe aanmeldingsaanvraag vandaan komt. De naam van het werkstation is niet altijd beschikbaar en kan in sommige gevallen leeg zijn.\r\n\r\nHet veld imitatieniveau geeft aan in hoeverre een proces in de aanmeldingssessie kan worden geïmiteerd.\r\n\r\nDe velden met verificatiegegevens bieden gedetailleerde informatie over deze specifieke aanmeldingsaanvraag.\r\n\t- De aanmeldings-GUID is een unieke id die kan worden gebruikt om deze gebeurtenis te correleren met een KDC-gebeurtenis.\r\n\t- Doorgezette services geven aan welke tussenliggende services hebben deelgenomen aan deze aanmeldingsaanvraag.\r\n\t- Pakketnaam geeft aan welk subprotocol van de NTLM-protocollen is gebruikt.\r\n\t- Sleutellengte geeft de lengte van de gegenereerde sessiesleutel aan. Dit is 0 als er geen sessiesleutel is aangevraagd.\""
            },
            "eventdata": {
                "subjectUserSid": "S-1-5-18",
                "subjectUserName": "AV-DESKTOP-HOME$",
                "subjectDomainName": "WORKGROUP",
                "subjectLogonId": "0x3e7",
                "targetUserSid": "S-1-5-21-3921402769-3534629334-1819278871-1001",
                "targetUserName": "vereecken.antoon@hotmail.com",
                "targetDomainName": "MicrosoftAccount",
                "targetLogonId": "0x2371ab5e",
                "logonType": "7",
                "logonProcessName": "Negotiat",
                "authenticationPackageName": "Negotiate",
                "workstationName": "AV-DESKTOP-HOME",
                "logonGuid": "{00000000-0000-0000-0000-000000000000}",
                "keyLength": "0",
                "processId": "0x7c4",
                "processName": "C:\\\\Windows\\\\System32\\\\lsass.exe",
                "impersonationLevel": "%%1833",
                "virtualAccount": "%%1843",
                "targetLinkedLogonId": "0x2371ada9",
                "elevatedToken": "%%1842"
            }
        }
    },
    "location": "EventChannel"
}
{
    "timestamp": "2026-01-14T10:10:05.713+0100",
    "rule": {
        "level": 3,
        "description": "Non network or service local logon.",
        "id": "67022",
        "firedtimes": 9,
        "mail": false,
        "groups": [
            "windows",
            " WEF"
        ]
    },
    "agent": {
        "id": "001",
        "name": "av-desktop-home",
        "ip": "100.82.224.100"
    },
    "manager": {
        "name": "rb1"
    },
    "id": "1768381805.268409",
    "decoder": {
        "name": "windows_eventchannel"
    },
    "data": {
        "win": {
            "system": {
                "providerName": "Microsoft-Windows-Security-Auditing",
                "providerGuid": "{54849625-5478-4994-a5ba-3e3b0328c30d}",
                "eventID": "4624",
                "version": "3",
                "level": "0",
                "task": "12544",
                "opcode": "0",
                "keywords": "0x8020000000000000",
                "systemTime": "2026-01-14T07:56:21.7688605Z",
                "eventRecordID": "2880592",
                "processID": "1988",
                "threadID": "40552",
                "channel": "Security",
                "computer": "av-desktop-home",
                "severityValue": "AUDIT_SUCCESS",
                "message": "\"Er is een account aangemeld.\r\n\r\nOnderwerp:\r\n\tBeveiligings-id:\t\tS-1-5-18\r\n\tAccountnaam:\t\tAV-DESKTOP-HOME$\r\n\tAccountdomein:\t\tWORKGROUP\r\n\tAanmeldings-id:\t\t0x3E7\r\n\r\nAanloggegevens:\r\n\tAanmeldingstype:\t\t7\r\n\tBeperkte beheermodus:\t-\r\n\tExterne Credential Guard:\t-\r\n\tVirtueel account:\t\tNee\r\n\tVerhoogd token:\t\tNee\r\n\r\nImpersonatieniveau:\t\tImitatie\r\n\r\nNieuwe aanmelding:\r\n\tBeveiligings-id:\t\tS-1-5-21-3921402769-3534629334-1819278871-1001\r\n\tAccountnaam:\t\tvereecken.antoon@hotmail.com\r\n\tAccountdomein:\t\tMicrosoftAccount\r\n\tAanmeldings-id:\t\t0x2371ADA9\r\n\tGekoppelde aanmeldings-id:\t\t0x2371AB5E\r\n\tNetwerkaccountnaam:\t-\r\n\tNetwerkaccountdomein:\t-\r\n\tAanmeldings-GUID:\t\t{00000000-0000-0000-0000-000000000000}\r\n\r\nProcesgegevens:\r\n\tProces-id:\t\t0x7c4\r\n\tProcesnaam:\t\tC:\\Windows\\System32\\lsass.exe\r\n\r\nNetwerkgegevens:\r\n\tWerkstationnaam:\tAV-DESKTOP-HOME\r\n\tBronnetwerkadres:\t-\r\n\tBronpoort:\t\t-\r\n\r\nGedetaileerde verificatiegegevens:\r\n\tAanmeldingsproces:\t\tNegotiat\r\n\tAuthenticatiepakket:\tNegotiate\r\n\tDoorgezette services:\t-\r\n\tPakketnaam (alleen NTLM):\t-\r\n\tSleutellengte:\t\t0\r\n\r\nDeze gebeurtenis wordt gegenereerd wanneer een aanmeldingssessie wordt gemaakt. De gebeurtenis wordt gegenereerd op de computer waartoe toegang is verkregen.\r\n\r\nDe onderwerpvelden geven het account aan op het lokale systeem dat de aanmelding heeft aangevraagd. Dit is meestal een service zoals de Server-service of een lokaal proces zoals Winlogon.exe of Services.exe.\r\n\r\nHet veld aanmeldingstype geeft het soort aanmelding aan die plaatsvond. De meestvoorkomende typen zijn 2 (interactief) en 3 (netwerk).\r\n\r\nDe velden Nieuwe aanmelding geven het account aan voor wie de nieuwe aanmelding is gemaakt, dat is het account dat is aangemeld.\r\n\r\nDe netwerkvelden geven aan waar een externe aanmeldingsaanvraag vandaan komt. De naam van het werkstation is niet altijd beschikbaar en kan in sommige gevallen leeg zijn.\r\n\r\nHet veld imitatieniveau geeft aan in hoeverre een proces in de aanmeldingssessie kan worden geïmiteerd.\r\n\r\nDe velden met verificatiegegevens bieden gedetailleerde informatie over deze specifieke aanmeldingsaanvraag.\r\n\t- De aanmeldings-GUID is een unieke id die kan worden gebruikt om deze gebeurtenis te correleren met een KDC-gebeurtenis.\r\n\t- Doorgezette services geven aan welke tussenliggende services hebben deelgenomen aan deze aanmeldingsaanvraag.\r\n\t- Pakketnaam geeft aan welk subprotocol van de NTLM-protocollen is gebruikt.\r\n\t- Sleutellengte geeft de lengte van de gegenereerde sessiesleutel aan. Dit is 0 als er geen sessiesleutel is aangevraagd.\""
            },
            "eventdata": {
                "subjectUserSid": "S-1-5-18",
                "subjectUserName": "AV-DESKTOP-HOME$",
                "subjectDomainName": "WORKGROUP",
                "subjectLogonId": "0x3e7",
                "targetUserSid": "S-1-5-21-3921402769-3534629334-1819278871-1001",
                "targetUserName": "vereecken.antoon@hotmail.com",
                "targetDomainName": "MicrosoftAccount",
                "targetLogonId": "0x2371ada9",
                "logonType": "7",
                "logonProcessName": "Negotiat",
                "authenticationPackageName": "Negotiate",
                "workstationName": "AV-DESKTOP-HOME",
                "logonGuid": "{00000000-0000-0000-0000-000000000000}",
                "keyLength": "0",
                "processId": "0x7c4",
                "processName": "C:\\\\Windows\\\\System32\\\\lsass.exe",
                "impersonationLevel": "%%1833",
                "virtualAccount": "%%1843",
                "targetLinkedLogonId": "0x2371ab5e",
                "elevatedToken": "%%1843"
            }
        }
    },
    "location": "EventChannel"
}
{
    "timestamp": "2026-01-14T10:10:05.716+0100",
    "rule": {
        "level": 3,
        "description": "Special privileges assigned to new logon.",
        "id": "67028",
        "mitre": {
            "id": [
                "T1484"
            ],
            "tactic": [
                "Defense Evasion",
                "Privilege Escalation"
            ],
            "technique": [
                "Domain Policy Modification"
            ]
        },
        "firedtimes": 5,
        "mail": false,
        "groups": [
            "windows",
            " WEF"
        ]
    },
    "agent": {
        "id": "001",
        "name": "av-desktop-home",
        "ip": "100.82.224.100"
    },
    "manager": {
        "name": "rb1"
    },
    "id": "1768381805.276387",
    "decoder": {
        "name": "windows_eventchannel"
    },
    "data": {
        "win": {
            "system": {
                "providerName": "Microsoft-Windows-Security-Auditing",
                "providerGuid": "{54849625-5478-4994-a5ba-3e3b0328c30d}",
                "eventID": "4672",
                "version": "0",
                "level": "0",
                "task": "12548",
                "opcode": "0",
                "keywords": "0x8020000000000000",
                "systemTime": "2026-01-14T07:56:21.7688687Z",
                "eventRecordID": "2880593",
                "processID": "1988",
                "threadID": "40552",
                "channel": "Security",
                "computer": "av-desktop-home",
                "severityValue": "AUDIT_SUCCESS",
                "message": "\"Speciale bevoegdheden toegewezen aan nieuwe aanmelding.\r\n\r\nOnderwerp:\r\n\tBeveiligings-id:\t\tS-1-5-21-3921402769-3534629334-1819278871-1001\r\n\tAccountnaam:\t\tvereecken.antoon@hotmail.com\r\n\tAccountdomein:\t\tMicrosoftAccount\r\n\tAanmeldings-id:\t\t0x2371AB5E\r\n\r\nBevoegdheden:\t\tSeSecurityPrivilege\r\n\t\t\tSeTakeOwnershipPrivilege\r\n\t\t\tSeLoadDriverPrivilege\r\n\t\t\tSeBackupPrivilege\r\n\t\t\tSeRestorePrivilege\r\n\t\t\tSeDebugPrivilege\r\n\t\t\tSeSystemEnvironmentPrivilege\r\n\t\t\tSeImpersonatePrivilege\r\n\t\t\tSeDelegateSessionUserImpersonatePrivilege\""
            },
            "eventdata": {
                "subjectUserSid": "S-1-5-21-3921402769-3534629334-1819278871-1001",
                "subjectUserName": "vereecken.antoon@hotmail.com",
                "subjectDomainName": "MicrosoftAccount",
                "subjectLogonId": "0x2371ab5e",
                "privilegeList": "SeSecurityPrivilege     SeTakeOwnershipPrivilege     SeLoadDriverPrivilege     SeBackupPrivilege     SeRestorePrivilege     SeDebugPrivilege     SeSystemEnvironmentPrivilege     SeImpersonatePrivilege     SeDelegateSessionUserImpersonatePrivilege"
            }
        }
    },
    "location": "EventChannel"
}
{
    "timestamp": "2026-01-14T10:10:05.719+0100",
    "rule": {
        "level": 3,
        "description": "Non service account logged off.",
        "id": "67023",
        "firedtimes": 3,
        "mail": false,
        "groups": [
            "windows",
            " WEF"
        ]
    },
    "agent": {
        "id": "001",
        "name": "av-desktop-home",
        "ip": "100.82.224.100"
    },
    "manager": {
        "name": "rb1"
    },
    "id": "1768381805.279601",
    "decoder": {
        "name": "windows_eventchannel"
    },
    "data": {
        "win": {
            "system": {
                "providerName": "Microsoft-Windows-Security-Auditing",
                "providerGuid": "{54849625-5478-4994-a5ba-3e3b0328c30d}",
                "eventID": "4634",
                "version": "0",
                "level": "0",
                "task": "12545",
                "opcode": "0",
                "keywords": "0x8020000000000000",
                "systemTime": "2026-01-14T07:56:21.7690389Z",
                "eventRecordID": "2880594",
                "processID": "1988",
                "threadID": "13636",
                "channel": "Security",
                "computer": "av-desktop-home",
                "severityValue": "AUDIT_SUCCESS",
                "message": "\"Er is een account afgemeld.\r\n\r\nOnderwerp:\r\n\tBeveiligings-id:\t\tS-1-5-21-3921402769-3534629334-1819278871-1001\r\n\tAccountnaam:\t\tveree\r\n\tAccountdomein:\t\tAV-DESKTOP-HOME\r\n\tAanmeldings-id:\t\t0x2371ADA9\r\n\r\nAanmeldingstype:\t\t\t7\r\n\r\nDeze gebeurtenis wordt gegenereerd wanneer een aanmeldingssessie wordt vernietigd. De gebeurtenis kan met behulp van de aanmeldings-id positief worden afgestemd met een aanmeldingsgebeurtenis. Aanmeldings-id's zijn alleen uniek wanneer de computer opnieuw is opgestart.\""
            },
            "eventdata": {
                "targetUserSid": "S-1-5-21-3921402769-3534629334-1819278871-1001",
                "targetUserName": "veree",
                "targetDomainName": "AV-DESKTOP-HOME",
                "targetLogonId": "0x2371ada9",
                "logonType": "7"
            }
        }
    },
    "location": "EventChannel"
}
{
    "timestamp": "2026-01-14T10:10:05.719+0100",
    "rule": {
        "level": 3,
        "description": "Non service account logged off.",
        "id": "67023",
        "firedtimes": 4,
        "mail": false,
        "groups": [
            "windows",
            " WEF"
        ]
    },
    "agent": {
        "id": "001",
        "name": "av-desktop-home",
        "ip": "100.82.224.100"
    },
    "manager": {
        "name": "rb1"
    },
    "id": "1768381805.282176",
    "decoder": {
        "name": "windows_eventchannel"
    },
    "data": {
        "win": {
            "system": {
                "providerName": "Microsoft-Windows-Security-Auditing",
                "providerGuid": "{54849625-5478-4994-a5ba-3e3b0328c30d}",
                "eventID": "4634",
                "version": "0",
                "level": "0",
                "task": "12545",
                "opcode": "0",
                "keywords": "0x8020000000000000",
                "systemTime": "2026-01-14T07:56:21.7690716Z",
                "eventRecordID": "2880595",
                "processID": "1988",
                "threadID": "45728",
                "channel": "Security",
                "computer": "av-desktop-home",
                "severityValue": "AUDIT_SUCCESS",
                "message": "\"Er is een account afgemeld.\r\n\r\nOnderwerp:\r\n\tBeveiligings-id:\t\tS-1-5-21-3921402769-3534629334-1819278871-1001\r\n\tAccountnaam:\t\tveree\r\n\tAccountdomein:\t\tAV-DESKTOP-HOME\r\n\tAanmeldings-id:\t\t0x23719848\r\n\r\nAanmeldingstype:\t\t\t2\r\n\r\nDeze gebeurtenis wordt gegenereerd wanneer een aanmeldingssessie wordt vernietigd. De gebeurtenis kan met behulp van de aanmeldings-id positief worden afgestemd met een aanmeldingsgebeurtenis. Aanmeldings-id's zijn alleen uniek wanneer de computer opnieuw is opgestart.\""
            },
            "eventdata": {
                "targetUserSid": "S-1-5-21-3921402769-3534629334-1819278871-1001",
                "targetUserName": "veree",
                "targetDomainName": "AV-DESKTOP-HOME",
                "targetLogonId": "0x23719848",
                "logonType": "2"
            }
        }
    },
    "location": "EventChannel"
}
